Using pre-set license
Built from '2021.3/staging' branch; Version is '2021.3.31f1 (3409e2af086f) revision 3410402'; Using compiler version '192829333'; Build Type 'Release'
OS: 'Windows 10  (10.0.19045) 64bit Core' Language: 'ru' Physical Memory: 32637 MB
BatchMode: 1, IsHumanControllingUs: 0, StartBugReporterOnCrash: 0, Is64bit: 1, IsPro: 1

COMMAND LINE ARGUMENTS:
C:\Program Files\Unity\Hub\Editor\2021.3.31f1\Editor\Unity.exe
-adb2
-batchMode
-noUpm
-name
AssetImportWorker10
-projectPath
C:/Users/OEM/My project (5)
-logFile
Logs/AssetImportWorker10.log
-srvPort
50237
Successfully changed project path to: C:/Users/OEM/My project (5)
C:/Users/OEM/My project (5)
[UnityMemory] Configuration Parameters - Can be set up in boot.config
    "memorysetup-bucket-allocator-granularity=16"
    "memorysetup-bucket-allocator-bucket-count=8"
    "memorysetup-bucket-allocator-block-size=33554432"
    "memorysetup-bucket-allocator-block-count=8"
    "memorysetup-main-allocator-block-size=16777216"
    "memorysetup-thread-allocator-block-size=16777216"
    "memorysetup-gfx-main-allocator-block-size=16777216"
    "memorysetup-gfx-thread-allocator-block-size=16777216"
    "memorysetup-cache-allocator-block-size=4194304"
    "memorysetup-typetree-allocator-block-size=2097152"
    "memorysetup-profiler-bucket-allocator-granularity=16"
    "memorysetup-profiler-bucket-allocator-bucket-count=8"
    "memorysetup-profiler-bucket-allocator-block-size=33554432"
    "memorysetup-profiler-bucket-allocator-block-count=8"
    "memorysetup-profiler-allocator-block-size=16777216"
    "memorysetup-profiler-editor-allocator-block-size=1048576"
    "memorysetup-temp-allocator-size-main=16777216"
    "memorysetup-job-temp-allocator-block-size=2097152"
    "memorysetup-job-temp-allocator-block-size-background=1048576"
    "memorysetup-job-temp-allocator-reduction-small-platforms=262144"
    "memorysetup-temp-allocator-size-background-worker=32768"
    "memorysetup-temp-allocator-size-job-worker=262144"
    "memorysetup-temp-allocator-size-preload-manager=33554432"
    "memorysetup-temp-allocator-size-nav-mesh-worker=65536"
    "memorysetup-temp-allocator-size-audio-worker=65536"
    "memorysetup-temp-allocator-size-cloud-worker=32768"
    "memorysetup-temp-allocator-size-gi-baking-worker=262144"
    "memorysetup-temp-allocator-size-gfx=262144"
Player connection [5476] Host "[IP] 192.168.3.102 [Port] 0 [Flags] 2 [Guid] 455272230 [EditorId] 455272230 [Version] 1048832 [Id] WindowsEditor(7,DESKTOP-12RPA9J) [Debug] 1 [PackageName] WindowsEditor [ProjectName] Editor" joined multi-casting on [225.0.0.222:54997]...

Player connection [5476] Host "[IP] 192.168.3.102 [Port] 0 [Flags] 2 [Guid] 455272230 [EditorId] 455272230 [Version] 1048832 [Id] WindowsEditor(7,DESKTOP-12RPA9J) [Debug] 1 [PackageName] WindowsEditor [ProjectName] Editor" joined alternative multi-casting on [225.0.0.222:34997]...

[Physics::Module] Initialized MultithreadedJobDispatcher with {0} workers.
Refreshing native plugins compatible for Editor in 78.61 ms, found 6 plugins.
Preloading 0 native plugins for Editor in 0.00 ms.
Initialize engine version: 2021.3.31f1 (3409e2af086f)
[Subsystems] Discovering subsystems at path C:/Program Files/Unity/Hub/Editor/2021.3.31f1/Editor/Data/Resources/UnitySubsystems
[Subsystems] Discovering subsystems at path C:/Users/OEM/My project (5)/Assets
GfxDevice: creating device client; threaded=0; jobified=0
Direct3D:
    Version:  Direct3D 11.0 [level 11.1]
    Renderer: NVIDIA GeForce RTX 3080 Ti (ID=0x2208)
    Vendor:   NVIDIA
    VRAM:     12100 MB
    Driver:   31.0.15.3699
Initialize mono
Mono path[0] = 'C:/Program Files/Unity/Hub/Editor/2021.3.31f1/Editor/Data/Managed'
Mono path[1] = 'C:/Program Files/Unity/Hub/Editor/2021.3.31f1/Editor/Data/MonoBleedingEdge/lib/mono/unityjit-win32'
Mono config path = 'C:/Program Files/Unity/Hub/Editor/2021.3.31f1/Editor/Data/MonoBleedingEdge/etc'
Using monoOptions --debugger-agent=transport=dt_socket,embedding=1,server=y,suspend=n,address=127.0.0.1:56224
Begin MonoManager ReloadAssembly
Registering precompiled unity dll's ...
Register platform support module: C:/Program Files/Unity/Hub/Editor/2021.3.31f1/Editor/Data/PlaybackEngines/WindowsStandaloneSupport/UnityEditor.WindowsStandalone.Extensions.dll
Registered in 0.004057 seconds.
Native extension for WindowsStandalone target not found
Refreshing native plugins compatible for Editor in 60.59 ms, found 6 plugins.
Preloading 0 native plugins for Editor in 0.00 ms.
Mono: successfully reloaded assembly
- Completed reload, in  0.436 seconds
Domain Reload Profiling:
	ReloadAssembly (436ms)
		BeginReloadAssembly (65ms)
			ExecutionOrderSort (0ms)
			DisableScriptedObjects (0ms)
			BackupInstance (0ms)
			ReleaseScriptingObjects (0ms)
			CreateAndSetChildDomain (0ms)
		EndReloadAssembly (305ms)
			LoadAssemblies (63ms)
			RebuildTransferFunctionScriptingTraits (0ms)
			SetupTypeCache (80ms)
			ReleaseScriptCaches (0ms)
			RebuildScriptCaches (20ms)
			SetupLoadedEditorAssemblies (177ms)
				LogAssemblyErrors (0ms)
				InitializePlatformSupportModulesInManaged (6ms)
				SetLoadedEditorAssemblies (0ms)
				RefreshPlugins (61ms)
				BeforeProcessingInitializeOnLoad (1ms)
				ProcessInitializeOnLoadAttributes (79ms)
				ProcessInitializeOnLoadMethodAttributes (31ms)
				AfterProcessingInitializeOnLoad (0ms)
				EditorAssembliesLoaded (0ms)
			ExecutionOrderSort2 (0ms)
			AwakeInstancesAfterBackupRestoration (0ms)
Platform modules already initialized, skipping
Registering precompiled user dll's ...
Registered in 0.004413 seconds.
Begin MonoManager ReloadAssembly
Native extension for WindowsStandalone target not found
Refreshing native plugins compatible for Editor in 74.88 ms, found 6 plugins.
Preloading 0 native plugins for Editor in 0.00 ms.
Package Manager log level set to [2]
[Package Manager] Server::EnsureServerProcessIsRunning -- launch failed, reason: Unity was launched with the -noUpm command-line argument
[Package Manager] Cannot connect to Unity Package Manager local server
Mono: successfully reloaded assembly
- Completed reload, in  1.202 seconds
Domain Reload Profiling:
	ReloadAssembly (1202ms)
		BeginReloadAssembly (96ms)
			ExecutionOrderSort (0ms)
			DisableScriptedObjects (4ms)
			BackupInstance (0ms)
			ReleaseScriptingObjects (0ms)
			CreateAndSetChildDomain (14ms)
		EndReloadAssembly (1028ms)
			LoadAssemblies (72ms)
			RebuildTransferFunctionScriptingTraits (0ms)
			SetupTypeCache (188ms)
			ReleaseScriptCaches (1ms)
			RebuildScriptCaches (50ms)
			SetupLoadedEditorAssemblies (703ms)
				LogAssemblyErrors (0ms)
				InitializePlatformSupportModulesInManaged (4ms)
				SetLoadedEditorAssemblies (0ms)
				RefreshPlugins (75ms)
				BeforeProcessingInitializeOnLoad (69ms)
				ProcessInitializeOnLoadAttributes (514ms)
				ProcessInitializeOnLoadMethodAttributes (34ms)
				AfterProcessingInitializeOnLoad (6ms)
				EditorAssembliesLoaded (0ms)
			ExecutionOrderSort2 (0ms)
			AwakeInstancesAfterBackupRestoration (4ms)
Platform modules already initialized, skipping
========================================================================
Worker process is ready to serve import requests
Launched and connected shader compiler UnityShaderCompiler.exe after 0.02 seconds
Refreshing native plugins compatible for Editor in 0.49 ms, found 6 plugins.
Preloading 0 native plugins for Editor in 0.00 ms.
Unloading 3951 Unused Serialized files (Serialized files now loaded: 0)
Unloading 39 unused Assets / (Unknown). Loaded Objects now: 4406.
Memory consumption went from 149.4 MB to 149.8 MB.
Total: 2.554100 ms (FindLiveObjects: 0.228400 ms CreateObjectMapping: 0.111800 ms MarkObjects: 2.161300 ms  DeleteObjects: 0.052000 ms)

AssetImportParameters requested are different than current active one (requested -> active):
  custom:video-decoder-ogg-theora: a1e56fd34408186e4bbccfd4996cb3dc -> 
  custom:container-muxer-webm: aa71ff27fc2769a1b78a27578f13a17b -> 
  custom:container-demuxer-webm: 4f35f7cbe854078d1ac9338744f61a02 -> 
  custom:video-encoder-webm-vp8: eb34c28f22e8b96e1ab97ce403110664 -> 
  custom:CustomObjectIndexerAttribute: bc11b3a6c3213fcdd17b65e7da85e133 -> 
  custom:audio-encoder-webm-vorbis: bf7c407c2cedff20999df2af8eb42d56 -> 
  custom:framework-win-MediaFoundation: 216162199b28c13a410421893ffa2e32 -> 
  custom:SearchIndexIgnoredProperties: e643bd26f0fe6173181afceb89e7c659 -> 
  custom:container-demuxer-ogg: 62fdf1f143b41e24485cea50d1cbac27 -> 
  custom:video-decoder-webm-vp8: 9c59270c3fd7afecdb556c50c9e8de78 -> 
  custom:audio-decoder-ogg-vorbis: bf7c407c2cedff20999df2af8eb42d56 -> 
========================================================================
Received Prepare
Registering precompiled user dll's ...
Registered in 0.005752 seconds.
Begin MonoManager ReloadAssembly
Native extension for WindowsStandalone target not found
Refreshing native plugins compatible for Editor in 0.51 ms, found 6 plugins.
Preloading 0 native plugins for Editor in 0.00 ms.
[Package Manager] Server::EnsureServerProcessIsRunning -- launch failed, reason: Unity was launched with the -noUpm command-line argument
[Package Manager] Cannot connect to Unity Package Manager local server
Mono: successfully reloaded assembly
- Completed reload, in  1.027 seconds
Domain Reload Profiling:
	ReloadAssembly (1027ms)
		BeginReloadAssembly (104ms)
			ExecutionOrderSort (0ms)
			DisableScriptedObjects (4ms)
			BackupInstance (0ms)
			ReleaseScriptingObjects (0ms)
			CreateAndSetChildDomain (25ms)
		EndReloadAssembly (861ms)
			LoadAssemblies (69ms)
			RebuildTransferFunctionScriptingTraits (0ms)
			SetupTypeCache (163ms)
			ReleaseScriptCaches (1ms)
			RebuildScriptCaches (31ms)
			SetupLoadedEditorAssemblies (583ms)
				LogAssemblyErrors (0ms)
				InitializePlatformSupportModulesInManaged (4ms)
				SetLoadedEditorAssemblies (0ms)
				RefreshPlugins (1ms)
				BeforeProcessingInitializeOnLoad (49ms)
				ProcessInitializeOnLoadAttributes (490ms)
				ProcessInitializeOnLoadMethodAttributes (32ms)
				AfterProcessingInitializeOnLoad (8ms)
				EditorAssembliesLoaded (0ms)
			ExecutionOrderSort2 (0ms)
			AwakeInstancesAfterBackupRestoration (6ms)
Platform modules already initialized, skipping
Refreshing native plugins compatible for Editor in 0.50 ms, found 6 plugins.
Preloading 0 native plugins for Editor in 0.00 ms.
Unloading 3933 Unused Serialized files (Serialized files now loaded: 0)
Unloading 28 unused Assets / (21.9 KB). Loaded Objects now: 4409.
Memory consumption went from 148.2 MB to 148.2 MB.
Total: 1.969000 ms (FindLiveObjects: 0.223300 ms CreateObjectMapping: 0.112400 ms MarkObjects: 1.617000 ms  DeleteObjects: 0.015600 ms)

AssetImportParameters requested are different than current active one (requested -> active):
  custom:video-decoder-ogg-theora: a1e56fd34408186e4bbccfd4996cb3dc -> 
  custom:container-muxer-webm: aa71ff27fc2769a1b78a27578f13a17b -> 
  custom:container-demuxer-webm: 4f35f7cbe854078d1ac9338744f61a02 -> 
  custom:video-encoder-webm-vp8: eb34c28f22e8b96e1ab97ce403110664 -> 
  custom:CustomObjectIndexerAttribute: bc11b3a6c3213fcdd17b65e7da85e133 -> 
  custom:audio-encoder-webm-vorbis: bf7c407c2cedff20999df2af8eb42d56 -> 
  custom:framework-win-MediaFoundation: 216162199b28c13a410421893ffa2e32 -> 
  custom:SearchIndexIgnoredProperties: e643bd26f0fe6173181afceb89e7c659 -> 
  custom:container-demuxer-ogg: 62fdf1f143b41e24485cea50d1cbac27 -> 
  custom:video-decoder-webm-vp8: 9c59270c3fd7afecdb556c50c9e8de78 -> 
  custom:audio-decoder-ogg-vorbis: bf7c407c2cedff20999df2af8eb42d56 -> 
========================================================================
Received Prepare
Registering precompiled user dll's ...
Registered in 0.004040 seconds.
Begin MonoManager ReloadAssembly
Native extension for WindowsStandalone target not found
Refreshing native plugins compatible for Editor in 0.54 ms, found 6 plugins.
Preloading 0 native plugins for Editor in 0.00 ms.
[Package Manager] Server::EnsureServerProcessIsRunning -- launch failed, reason: Unity was launched with the -noUpm command-line argument
[Package Manager] Cannot connect to Unity Package Manager local server
Mono: successfully reloaded assembly
- Completed reload, in  1.016 seconds
Domain Reload Profiling:
	ReloadAssembly (1016ms)
		BeginReloadAssembly (109ms)
			ExecutionOrderSort (0ms)
			DisableScriptedObjects (4ms)
			BackupInstance (0ms)
			ReleaseScriptingObjects (0ms)
			CreateAndSetChildDomain (27ms)
		EndReloadAssembly (839ms)
			LoadAssemblies (73ms)
			RebuildTransferFunctionScriptingTraits (0ms)
			SetupTypeCache (151ms)
			ReleaseScriptCaches (2ms)
			RebuildScriptCaches (34ms)
			SetupLoadedEditorAssemblies (567ms)
				LogAssemblyErrors (0ms)
				InitializePlatformSupportModulesInManaged (4ms)
				SetLoadedEditorAssemblies (0ms)
				RefreshPlugins (1ms)
				BeforeProcessingInitializeOnLoad (49ms)
				ProcessInitializeOnLoadAttributes (476ms)
				ProcessInitializeOnLoadMethodAttributes (31ms)
				AfterProcessingInitializeOnLoad (7ms)
				EditorAssembliesLoaded (0ms)
			ExecutionOrderSort2 (0ms)
			AwakeInstancesAfterBackupRestoration (5ms)
Platform modules already initialized, skipping
Refreshing native plugins compatible for Editor in 0.51 ms, found 6 plugins.
Preloading 0 native plugins for Editor in 0.00 ms.
Unloading 3933 Unused Serialized files (Serialized files now loaded: 0)
Unloading 28 unused Assets / (22.9 KB). Loaded Objects now: 4412.
Memory consumption went from 148.2 MB to 148.2 MB.
Total: 2.103800 ms (FindLiveObjects: 0.216800 ms CreateObjectMapping: 0.107000 ms MarkObjects: 1.761800 ms  DeleteObjects: 0.017400 ms)

AssetImportParameters requested are different than current active one (requested -> active):
  custom:video-decoder-ogg-theora: a1e56fd34408186e4bbccfd4996cb3dc -> 
  custom:container-muxer-webm: aa71ff27fc2769a1b78a27578f13a17b -> 
  custom:container-demuxer-webm: 4f35f7cbe854078d1ac9338744f61a02 -> 
  custom:video-encoder-webm-vp8: eb34c28f22e8b96e1ab97ce403110664 -> 
  custom:CustomObjectIndexerAttribute: bc11b3a6c3213fcdd17b65e7da85e133 -> 
  custom:audio-encoder-webm-vorbis: bf7c407c2cedff20999df2af8eb42d56 -> 
  custom:framework-win-MediaFoundation: 216162199b28c13a410421893ffa2e32 -> 
  custom:SearchIndexIgnoredProperties: e643bd26f0fe6173181afceb89e7c659 -> 
  custom:container-demuxer-ogg: 62fdf1f143b41e24485cea50d1cbac27 -> 
  custom:video-decoder-webm-vp8: 9c59270c3fd7afecdb556c50c9e8de78 -> 
  custom:audio-decoder-ogg-vorbis: bf7c407c2cedff20999df2af8eb42d56 -> 
========================================================================
Received Import Request.
  Time since last request: 664701.318381 seconds.
  path: Assets/Mask Dude/Jump (32x32).png
  artifactKey: Guid(2d728ff08787c6640bbe4984c7ff018b) Importer(815301076,1909f56bfc062723c751e8b465ee728b)
Number of updated assets reloaded before import = 0
Start importing Assets/Mask Dude/Jump (32x32).png using Guid(2d728ff08787c6640bbe4984c7ff018b) Importer(815301076,1909f56bfc062723c751e8b465ee728b)  -> (artifact id: 'b6d8a9935e4aec4e8f1832b7b03d6d24') in 0.070996 seconds 
Number of asset objects unloaded after import = 3
========================================================================
Received Prepare
Registering precompiled user dll's ...
Registered in 0.005712 seconds.
Begin MonoManager ReloadAssembly
Native extension for WindowsStandalone target not found
Refreshing native plugins compatible for Editor in 0.56 ms, found 6 plugins.
Preloading 0 native plugins for Editor in 0.00 ms.
[Package Manager] Server::EnsureServerProcessIsRunning -- launch failed, reason: Unity was launched with the -noUpm command-line argument
[Package Manager] Cannot connect to Unity Package Manager local server
Mono: successfully reloaded assembly
- Completed reload, in  1.042 seconds
Domain Reload Profiling:
	ReloadAssembly (1042ms)
		BeginReloadAssembly (106ms)
			ExecutionOrderSort (0ms)
			DisableScriptedObjects (4ms)
			BackupInstance (0ms)
			ReleaseScriptingObjects (0ms)
			CreateAndSetChildDomain (28ms)
		EndReloadAssembly (864ms)
			LoadAssemblies (71ms)
			RebuildTransferFunctionScriptingTraits (0ms)
			SetupTypeCache (161ms)
			ReleaseScriptCaches (1ms)
			RebuildScriptCaches (33ms)
			SetupLoadedEditorAssemblies (586ms)
				LogAssemblyErrors (0ms)
				InitializePlatformSupportModulesInManaged (4ms)
				SetLoadedEditorAssemblies (0ms)
				RefreshPlugins (1ms)
				BeforeProcessingInitializeOnLoad (49ms)
				ProcessInitializeOnLoadAttributes (497ms)
				ProcessInitializeOnLoadMethodAttributes (30ms)
				AfterProcessingInitializeOnLoad (5ms)
				EditorAssembliesLoaded (0ms)
			ExecutionOrderSort2 (0ms)
			AwakeInstancesAfterBackupRestoration (4ms)
Platform modules already initialized, skipping
Refreshing native plugins compatible for Editor in 0.51 ms, found 6 plugins.
Preloading 0 native plugins for Editor in 0.00 ms.
Unloading 3933 Unused Serialized files (Serialized files now loaded: 0)
Unloading 28 unused Assets / (22.0 KB). Loaded Objects now: 4421.
Memory consumption went from 152.6 MB to 152.5 MB.
Total: 2.112700 ms (FindLiveObjects: 0.218900 ms CreateObjectMapping: 0.106200 ms MarkObjects: 1.772500 ms  DeleteObjects: 0.014400 ms)

AssetImportParameters requested are different than current active one (requested -> active):
  custom:video-decoder-ogg-theora: a1e56fd34408186e4bbccfd4996cb3dc -> 
  custom:container-muxer-webm: aa71ff27fc2769a1b78a27578f13a17b -> 
  custom:container-demuxer-webm: 4f35f7cbe854078d1ac9338744f61a02 -> 
  custom:video-encoder-webm-vp8: eb34c28f22e8b96e1ab97ce403110664 -> 
  custom:CustomObjectIndexerAttribute: bc11b3a6c3213fcdd17b65e7da85e133 -> 
  custom:audio-encoder-webm-vorbis: bf7c407c2cedff20999df2af8eb42d56 -> 
  custom:framework-win-MediaFoundation: 216162199b28c13a410421893ffa2e32 -> 
  custom:SearchIndexIgnoredProperties: e643bd26f0fe6173181afceb89e7c659 -> 
  custom:container-demuxer-ogg: 62fdf1f143b41e24485cea50d1cbac27 -> 
  custom:video-decoder-webm-vp8: 9c59270c3fd7afecdb556c50c9e8de78 -> 
  custom:audio-decoder-ogg-vorbis: bf7c407c2cedff20999df2af8eb42d56 -> 
========================================================================
Received Import Request.
  Time since last request: 85.702106 seconds.
  path: Assets/Terrain/Terrain.prefab
  artifactKey: Guid(d0bd87c1c9e61ab438968902a24a3e7e) Importer(815301076,1909f56bfc062723c751e8b465ee728b)
Number of updated assets reloaded before import = 0
Start importing Assets/Terrain/Terrain.prefab using Guid(d0bd87c1c9e61ab438968902a24a3e7e) Importer(815301076,1909f56bfc062723c751e8b465ee728b)  -> (artifact id: '45ecd17d5aabe1c92b54543643768ddb') in 0.060977 seconds 
Number of asset objects unloaded after import = 13
========================================================================
Received Import Request.
  Time since last request: 37.018648 seconds.
  path: Assets/Terrain/Terrain (16x16)_1.asset
  artifactKey: Guid(bf6feb02d9ffb3749a8fc550219e8cba) Importer(815301076,1909f56bfc062723c751e8b465ee728b)
Number of updated assets reloaded before import = 0
Start importing Assets/Terrain/Terrain (16x16)_1.asset using Guid(bf6feb02d9ffb3749a8fc550219e8cba) Importer(815301076,1909f56bfc062723c751e8b465ee728b)  -> (artifact id: 'beb52f50c5bac6a28dc926cea83dff44') in 0.023883 seconds 
Number of asset objects unloaded after import = 3
========================================================================
Received Import Request.
  Time since last request: 0.000115 seconds.
  path: Assets/Terrain/Terrain (16x16)_6.asset
  artifactKey: Guid(680bb257a2cb7764c93c267d5ab539a4) Importer(815301076,1909f56bfc062723c751e8b465ee728b)
Number of updated assets reloaded before import = 0
Start importing Assets/Terrain/Terrain (16x16)_6.asset using Guid(680bb257a2cb7764c93c267d5ab539a4) Importer(815301076,1909f56bfc062723c751e8b465ee728b)  -> (artifact id: '6ac28fa082a8c5f91bcb834dbbf3da75') in 0.011427 seconds 
Number of asset objects unloaded after import = 3
========================================================================
Received Import Request.
  Time since last request: 0.000026 seconds.
  path: Assets/Terrain/Terrain (16x16)_47.asset
  artifactKey: Guid(9d68606da5994ed4eb0fff3a3ecc0988) Importer(815301076,1909f56bfc062723c751e8b465ee728b)
Number of updated assets reloaded before import = 0
Start importing Assets/Terrain/Terrain (16x16)_47.asset using Guid(9d68606da5994ed4eb0fff3a3ecc0988) Importer(815301076,1909f56bfc062723c751e8b465ee728b)  -> (artifact id: '4e29446d786c13f12dbbece670257232') in 0.010846 seconds 
Number of asset objects unloaded after import = 3
========================================================================
Received Import Request.
  Time since last request: 0.000024 seconds.
  path: Assets/Terrain/Terrain (16x16)_48.asset
  artifactKey: Guid(acebc610b728b184ca746eda4063f184) Importer(815301076,1909f56bfc062723c751e8b465ee728b)
Number of updated assets reloaded before import = 0
Start importing Assets/Terrain/Terrain (16x16)_48.asset using Guid(acebc610b728b184ca746eda4063f184) Importer(815301076,1909f56bfc062723c751e8b465ee728b)  -> (artifact id: '9c468aa32158c02731d3fe881899be15') in 0.009532 seconds 
Number of asset objects unloaded after import = 3
========================================================================
Received Import Request.
  Time since last request: 0.000017 seconds.
  path: Assets/Terrain/Terrain (16x16)_11.asset
  artifactKey: Guid(f9a967bdd9c8dde4db2b8bbd75c5103e) Importer(815301076,1909f56bfc062723c751e8b465ee728b)
Number of updated assets reloaded before import = 0
Start importing Assets/Terrain/Terrain (16x16)_11.asset using Guid(f9a967bdd9c8dde4db2b8bbd75c5103e) Importer(815301076,1909f56bfc062723c751e8b465ee728b)  -> (artifact id: '541134608e669b51b173ca02201b31b2') in 0.009683 seconds 
Number of asset objects unloaded after import = 3
========================================================================
Received Import Request.
  Time since last request: 0.000030 seconds.
  path: Assets/Terrain/Terrain (16x16)_31.asset
  artifactKey: Guid(9a7973900c257894d869db1ae94d364c) Importer(815301076,1909f56bfc062723c751e8b465ee728b)
Number of updated assets reloaded before import = 0
Start importing Assets/Terrain/Terrain (16x16)_31.asset using Guid(9a7973900c257894d869db1ae94d364c) Importer(815301076,1909f56bfc062723c751e8b465ee728b)  -> (artifact id: '3085475480b1cb0028e7888500c370e7') in 0.010515 seconds 
Number of asset objects unloaded after import = 3
========================================================================
Received Import Request.
  Time since last request: 0.000017 seconds.
  path: Assets/Terrain/Terrain (16x16)_25.asset
  artifactKey: Guid(c8e346f156ca3a1429320c55c1b564c3) Importer(815301076,1909f56bfc062723c751e8b465ee728b)
Number of updated assets reloaded before import = 0
Start importing Assets/Terrain/Terrain (16x16)_25.asset using Guid(c8e346f156ca3a1429320c55c1b564c3) Importer(815301076,1909f56bfc062723c751e8b465ee728b)  -> (artifact id: '825b5febbf21264f48485cca04799e4d') in 0.004395 seconds 
Number of asset objects unloaded after import = 3
========================================================================
Received Import Request.
  Time since last request: 0.000016 seconds.
  path: Assets/Terrain/Terrain (16x16)_28.asset
  artifactKey: Guid(1a97a19752da440429b6b6da940113b1) Importer(815301076,1909f56bfc062723c751e8b465ee728b)
Number of updated assets reloaded before import = 0
Start importing Assets/Terrain/Terrain (16x16)_28.asset using Guid(1a97a19752da440429b6b6da940113b1) Importer(815301076,1909f56bfc062723c751e8b465ee728b)  -> (artifact id: '8e6e32628096fbe3a05c35dd919e2cdf') in 0.008845 seconds 
Number of asset objects unloaded after import = 3
========================================================================
Received Import Request.
  Time since last request: 0.000019 seconds.
  path: Assets/Terrain/Terrain (16x16)_30.asset
  artifactKey: Guid(f8be2c45daa08da4c82d5e6ba9a5b16d) Importer(815301076,1909f56bfc062723c751e8b465ee728b)
Number of updated assets reloaded before import = 0
Start importing Assets/Terrain/Terrain (16x16)_30.asset using Guid(f8be2c45daa08da4c82d5e6ba9a5b16d) Importer(815301076,1909f56bfc062723c751e8b465ee728b)  -> (artifact id: '7db9067288407dfbbc9ae5e2c7ffadcd') in 0.009798 seconds 
Number of asset objects unloaded after import = 3
========================================================================
Received Import Request.
  Time since last request: 0.000018 seconds.
  path: Assets/Terrain/Terrain (16x16)_23.asset
  artifactKey: Guid(e4de1ed61ce148c42b6522a8c408ab72) Importer(815301076,1909f56bfc062723c751e8b465ee728b)
Number of updated assets reloaded before import = 0
Start importing Assets/Terrain/Terrain (16x16)_23.asset using Guid(e4de1ed61ce148c42b6522a8c408ab72) Importer(815301076,1909f56bfc062723c751e8b465ee728b)  -> (artifact id: 'b19699bd54fd483ae5b017610451b71a') in 0.009594 seconds 
Number of asset objects unloaded after import = 3
========================================================================
Received Import Request.
  Time since last request: 0.000018 seconds.
  path: Assets/Terrain/Terrain (16x16)_8.asset
  artifactKey: Guid(55579153e0e6d1144bbc502e01f70a27) Importer(815301076,1909f56bfc062723c751e8b465ee728b)
Number of updated assets reloaded before import = 0
Start importing Assets/Terrain/Terrain (16x16)_8.asset using Guid(55579153e0e6d1144bbc502e01f70a27) Importer(815301076,1909f56bfc062723c751e8b465ee728b)  -> (artifact id: '16992d254478baaeb210befa8f46883d') in 0.008741 seconds 
Number of asset objects unloaded after import = 3
========================================================================
Received Import Request.
  Time since last request: 0.000014 seconds.
  path: Assets/Terrain/Terrain (16x16)_53.asset
  artifactKey: Guid(4d74208660eaf0e4da2aaadfc87c1e79) Importer(815301076,1909f56bfc062723c751e8b465ee728b)
Number of updated assets reloaded before import = 0
Start importing Assets/Terrain/Terrain (16x16)_53.asset using Guid(4d74208660eaf0e4da2aaadfc87c1e79) Importer(815301076,1909f56bfc062723c751e8b465ee728b)  -> (artifact id: '4f9dbc95682f2a0c0e092ea2a3e1fb1f') in 0.008251 seconds 
Number of asset objects unloaded after import = 3
========================================================================
Received Import Request.
  Time since last request: 0.000017 seconds.
  path: Assets/Terrain/Terrain (16x16)_57.asset
  artifactKey: Guid(ac917c1b134a6ba45b681829a31d9ba5) Importer(815301076,1909f56bfc062723c751e8b465ee728b)
Number of updated assets reloaded before import = 0
Start importing Assets/Terrain/Terrain (16x16)_57.asset using Guid(ac917c1b134a6ba45b681829a31d9ba5) Importer(815301076,1909f56bfc062723c751e8b465ee728b)  -> (artifact id: '1d5d65a7539747243cff91c0ea9830f0') in 0.008526 seconds 
Number of asset objects unloaded after import = 3
========================================================================
Received Import Request.
  Time since last request: 0.000016 seconds.
  path: Assets/Terrain/Terrain (16x16)_36.asset
  artifactKey: Guid(7ce2adc19a8017e429983dd4afd70731) Importer(815301076,1909f56bfc062723c751e8b465ee728b)
Number of updated assets reloaded before import = 0
Start importing Assets/Terrain/Terrain (16x16)_36.asset using Guid(7ce2adc19a8017e429983dd4afd70731) Importer(815301076,1909f56bfc062723c751e8b465ee728b)  -> (artifact id: '6b850d12da9438cb2113038bca48862a') in 0.009135 seconds 
Number of asset objects unloaded after import = 3
========================================================================
Received Import Request.
  Time since last request: 0.000016 seconds.
  path: Assets/Terrain/Terrain (16x16)_69.asset
  artifactKey: Guid(9f46bea4a98343f43aee939afbfdbb21) Importer(815301076,1909f56bfc062723c751e8b465ee728b)
Number of updated assets reloaded before import = 0
Start importing Assets/Terrain/Terrain (16x16)_69.asset using Guid(9f46bea4a98343f43aee939afbfdbb21) Importer(815301076,1909f56bfc062723c751e8b465ee728b)  -> (artifact id: '032b9fa1a8719c51be8cd815f6cf2a8c') in 0.008973 seconds 
Number of asset objects unloaded after import = 3
========================================================================
Received Import Request.
  Time since last request: 0.000017 seconds.
  path: Assets/Terrain/Terrain (16x16)_33.asset
  artifactKey: Guid(ca184942ddf08064b9aee516aac951ce) Importer(815301076,1909f56bfc062723c751e8b465ee728b)
Number of updated assets reloaded before import = 0
Start importing Assets/Terrain/Terrain (16x16)_33.asset using Guid(ca184942ddf08064b9aee516aac951ce) Importer(815301076,1909f56bfc062723c751e8b465ee728b)  -> (artifact id: '5c26d1f33bc4a0591d373122ff9d6c7b') in 0.010965 seconds 
Number of asset objects unloaded after import = 3
========================================================================
Received Import Request.
  Time since last request: 0.000019 seconds.
  path: Assets/Terrain/Terrain (16x16)_24.asset
  artifactKey: Guid(f715c0ccc96b904458af954042eae57e) Importer(815301076,1909f56bfc062723c751e8b465ee728b)
Number of updated assets reloaded before import = 0
Start importing Assets/Terrain/Terrain (16x16)_24.asset using Guid(f715c0ccc96b904458af954042eae57e) Importer(815301076,1909f56bfc062723c751e8b465ee728b)  -> (artifact id: '7af2b4ae3ae6032b3bc90c2681aef754') in 0.009879 seconds 
Number of asset objects unloaded after import = 3
========================================================================
Received Import Request.
  Time since last request: 0.000013 seconds.
  path: Assets/Terrain/Terrain (16x16)_15.asset
  artifactKey: Guid(82e4f50f48a6a3b45aa330d91e154267) Importer(815301076,1909f56bfc062723c751e8b465ee728b)
Number of updated assets reloaded before import = 0
Start importing Assets/Terrain/Terrain (16x16)_15.asset using Guid(82e4f50f48a6a3b45aa330d91e154267) Importer(815301076,1909f56bfc062723c751e8b465ee728b)  -> (artifact id: 'bb11f5d6a38e15d382df137da3dd5915') in 0.010372 seconds 
Number of asset objects unloaded after import = 3
========================================================================
Received Import Request.
  Time since last request: 0.000019 seconds.
  path: Assets/Terrain/Terrain (16x16)_68.asset
  artifactKey: Guid(ff696c7ffc2daf4448bf3349acd9d17c) Importer(815301076,1909f56bfc062723c751e8b465ee728b)
Number of updated assets reloaded before import = 0
Start importing Assets/Terrain/Terrain (16x16)_68.asset using Guid(ff696c7ffc2daf4448bf3349acd9d17c) Importer(815301076,1909f56bfc062723c751e8b465ee728b)  -> (artifact id: '7820fb94e5c0f32ec5a93f76ffc6404a') in 0.010738 seconds 
Number of asset objects unloaded after import = 3
========================================================================
Received Import Request.
  Time since last request: 0.000018 seconds.
  path: Assets/Terrain/Terrain (16x16)_26.asset
  artifactKey: Guid(1dcfbd42fc078644f97b9800e9be6569) Importer(815301076,1909f56bfc062723c751e8b465ee728b)
Number of updated assets reloaded before import = 0
Start importing Assets/Terrain/Terrain (16x16)_26.asset using Guid(1dcfbd42fc078644f97b9800e9be6569) Importer(815301076,1909f56bfc062723c751e8b465ee728b)  -> (artifact id: '0c55438c1851511a845a6a1e3f2a23af') in 0.009373 seconds 
Number of asset objects unloaded after import = 3
========================================================================
Received Import Request.
  Time since last request: 0.000012 seconds.
  path: Assets/Terrain/Terrain (16x16)_40.asset
  artifactKey: Guid(c919269c16add5145abd019f26de8415) Importer(815301076,1909f56bfc062723c751e8b465ee728b)
Number of updated assets reloaded before import = 0
Start importing Assets/Terrain/Terrain (16x16)_40.asset using Guid(c919269c16add5145abd019f26de8415) Importer(815301076,1909f56bfc062723c751e8b465ee728b)  -> (artifact id: '17b0907175c4dff0c364830eae0bba52') in 0.009380 seconds 
Number of asset objects unloaded after import = 3
========================================================================
Received Import Request.
  Time since last request: 0.000018 seconds.
  path: Assets/Terrain/Terrain (16x16)_46.asset
  artifactKey: Guid(5e4f5bf9ef2ec0b4d8c1aeebeb6e0709) Importer(815301076,1909f56bfc062723c751e8b465ee728b)
Number of updated assets reloaded before import = 0
Start importing Assets/Terrain/Terrain (16x16)_46.asset using Guid(5e4f5bf9ef2ec0b4d8c1aeebeb6e0709) Importer(815301076,1909f56bfc062723c751e8b465ee728b)  -> (artifact id: 'cf6dacb96bca507b49fadcb387222c5f') in 0.008221 seconds 
Number of asset objects unloaded after import = 3
========================================================================
Received Import Request.
  Time since last request: 0.000035 seconds.
  path: Assets/Terrain/Terrain (16x16)_34.asset
  artifactKey: Guid(a83a6b39c2b76af40a61da1e91c3ee91) Importer(815301076,1909f56bfc062723c751e8b465ee728b)
Number of updated assets reloaded before import = 0
Start importing Assets/Terrain/Terrain (16x16)_34.asset using Guid(a83a6b39c2b76af40a61da1e91c3ee91) Importer(815301076,1909f56bfc062723c751e8b465ee728b)  -> (artifact id: '62ecaec480bb646acd4b222b2b120944') in 0.008934 seconds 
Number of asset objects unloaded after import = 3
========================================================================
Received Import Request.
  Time since last request: 0.000014 seconds.
  path: Assets/Terrain/Terrain (16x16)_66.asset
  artifactKey: Guid(72c1d97460c9bf04b8c4c18b5592214e) Importer(815301076,1909f56bfc062723c751e8b465ee728b)
Number of updated assets reloaded before import = 0
Start importing Assets/Terrain/Terrain (16x16)_66.asset using Guid(72c1d97460c9bf04b8c4c18b5592214e) Importer(815301076,1909f56bfc062723c751e8b465ee728b)  -> (artifact id: '7a195e369176a31668b164c0a5a115f6') in 0.004005 seconds 
Number of asset objects unloaded after import = 3
========================================================================
Received Import Request.
  Time since last request: 0.000015 seconds.
  path: Assets/Terrain/Terrain (16x16)_61.asset
  artifactKey: Guid(691c2fc52ca540a4e88033aeb13cbec3) Importer(815301076,1909f56bfc062723c751e8b465ee728b)
Number of updated assets reloaded before import = 0
Start importing Assets/Terrain/Terrain (16x16)_61.asset using Guid(691c2fc52ca540a4e88033aeb13cbec3) Importer(815301076,1909f56bfc062723c751e8b465ee728b)  -> (artifact id: '8c4c74db32c38b8ed77d82534b118ceb') in 0.009304 seconds 
Number of asset objects unloaded after import = 3
========================================================================
Received Import Request.
  Time since last request: 0.000017 seconds.
  path: Assets/Terrain/Terrain (16x16)_35.asset
  artifactKey: Guid(ce843d8ccc7e71d4bb77cb384f29a54b) Importer(815301076,1909f56bfc062723c751e8b465ee728b)
Number of updated assets reloaded before import = 0
Start importing Assets/Terrain/Terrain (16x16)_35.asset using Guid(ce843d8ccc7e71d4bb77cb384f29a54b) Importer(815301076,1909f56bfc062723c751e8b465ee728b)  -> (artifact id: 'f9be0dea83c2ad82d6fe7e2388b4aa9b') in 0.009065 seconds 
Number of asset objects unloaded after import = 3
========================================================================
Received Import Request.
  Time since last request: 0.000016 seconds.
  path: Assets/Terrain/Terrain (16x16)_20.asset
  artifactKey: Guid(6eb3e832176258444bc78e4d048ad938) Importer(815301076,1909f56bfc062723c751e8b465ee728b)
Number of updated assets reloaded before import = 0
Start importing Assets/Terrain/Terrain (16x16)_20.asset using Guid(6eb3e832176258444bc78e4d048ad938) Importer(815301076,1909f56bfc062723c751e8b465ee728b)  -> (artifact id: 'b1a8385fd0f906e694221ad976fc0cf0') in 0.008976 seconds 
Number of asset objects unloaded after import = 3
========================================================================
Received Import Request.
  Time since last request: 0.000015 seconds.
  path: Assets/Terrain/Terrain (16x16)_73.asset
  artifactKey: Guid(118d1adcb50853e4ba95717688c87b48) Importer(815301076,1909f56bfc062723c751e8b465ee728b)
Number of updated assets reloaded before import = 0
Start importing Assets/Terrain/Terrain (16x16)_73.asset using Guid(118d1adcb50853e4ba95717688c87b48) Importer(815301076,1909f56bfc062723c751e8b465ee728b)  -> (artifact id: 'c794c315f639f8286690d9dc03121b66') in 0.011352 seconds 
Number of asset objects unloaded after import = 3
========================================================================
Received Import Request.
  Time since last request: 0.000022 seconds.
  path: Assets/Terrain/Terrain (16x16)_54.asset
  artifactKey: Guid(890264a52dedbe548a683a6900db4217) Importer(815301076,1909f56bfc062723c751e8b465ee728b)
Number of updated assets reloaded before import = 0
Start importing Assets/Terrain/Terrain (16x16)_54.asset using Guid(890264a52dedbe548a683a6900db4217) Importer(815301076,1909f56bfc062723c751e8b465ee728b)  -> (artifact id: 'dab570d4c9b5cf0dec8545201441b6ae') in 0.012434 seconds 
Number of asset objects unloaded after import = 3
========================================================================
Received Import Request.
  Time since last request: 0.000020 seconds.
  path: Assets/Terrain/Terrain (16x16)_60.asset
  artifactKey: Guid(29293f95094dd14428e0bf2734c524f0) Importer(815301076,1909f56bfc062723c751e8b465ee728b)
Number of updated assets reloaded before import = 0
Start importing Assets/Terrain/Terrain (16x16)_60.asset using Guid(29293f95094dd14428e0bf2734c524f0) Importer(815301076,1909f56bfc062723c751e8b465ee728b)  -> (artifact id: '7094786ca659e4d718b2918fceee4992') in 0.010454 seconds 
Number of asset objects unloaded after import = 3
========================================================================
Received Import Request.
  Time since last request: 0.000020 seconds.
  path: Assets/Terrain/Terrain (16x16)_2.asset
  artifactKey: Guid(081d6169991038c42b495eda0e07680c) Importer(815301076,1909f56bfc062723c751e8b465ee728b)
Number of updated assets reloaded before import = 0
Start importing Assets/Terrain/Terrain (16x16)_2.asset using Guid(081d6169991038c42b495eda0e07680c) Importer(815301076,1909f56bfc062723c751e8b465ee728b)  -> (artifact id: '01446baf4827dcfc24f35ef4969a7200') in 0.010351 seconds 
Number of asset objects unloaded after import = 3
========================================================================
Received Import Request.
  Time since last request: 0.000014 seconds.
  path: Assets/Terrain/Terrain (16x16)_70.asset
  artifactKey: Guid(04d616f48b3fdbc4a909725068863d3d) Importer(815301076,1909f56bfc062723c751e8b465ee728b)
Number of updated assets reloaded before import = 0
Start importing Assets/Terrain/Terrain (16x16)_70.asset using Guid(04d616f48b3fdbc4a909725068863d3d) Importer(815301076,1909f56bfc062723c751e8b465ee728b)  -> (artifact id: 'ad70c1bbdb218b1e3e92f547ad29fc93') in 0.009259 seconds 
Number of asset objects unloaded after import = 3
========================================================================
Received Import Request.
  Time since last request: 0.000017 seconds.
  path: Assets/Terrain/Terrain (16x16)_65.asset
  artifactKey: Guid(e849ad2cc5d9eda48876bd9885db8ba3) Importer(815301076,1909f56bfc062723c751e8b465ee728b)
Number of updated assets reloaded before import = 0
Start importing Assets/Terrain/Terrain (16x16)_65.asset using Guid(e849ad2cc5d9eda48876bd9885db8ba3) Importer(815301076,1909f56bfc062723c751e8b465ee728b)  -> (artifact id: '63c802d29042a65c0083f065c2df7673') in 0.009192 seconds 
Number of asset objects unloaded after import = 3
========================================================================
Received Import Request.
  Time since last request: 0.000018 seconds.
  path: Assets/Terrain/Terrain (16x16)_17.asset
  artifactKey: Guid(7b42ff6ccd4edfb4a91011a2294e8319) Importer(815301076,1909f56bfc062723c751e8b465ee728b)
Number of updated assets reloaded before import = 0
Start importing Assets/Terrain/Terrain (16x16)_17.asset using Guid(7b42ff6ccd4edfb4a91011a2294e8319) Importer(815301076,1909f56bfc062723c751e8b465ee728b)  -> (artifact id: '891d476f3a61c11915c516e172551d72') in 0.010886 seconds 
Number of asset objects unloaded after import = 3
========================================================================
Received Import Request.
  Time since last request: 0.000019 seconds.
  path: Assets/Terrain/Terrain (16x16)_56.asset
  artifactKey: Guid(9ea816caa970a8a4ba1df68b980b6d81) Importer(815301076,1909f56bfc062723c751e8b465ee728b)
Number of updated assets reloaded before import = 0
Start importing Assets/Terrain/Terrain (16x16)_56.asset using Guid(9ea816caa970a8a4ba1df68b980b6d81) Importer(815301076,1909f56bfc062723c751e8b465ee728b)  -> (artifact id: '2328f56f351b1742df09e6062ba3b24b') in 0.009835 seconds 
Number of asset objects unloaded after import = 3
========================================================================
Received Import Request.
  Time since last request: 0.000015 seconds.
  path: Assets/Terrain/Terrain (16x16)_67.asset
  artifactKey: Guid(303b7bf5ebcae6e48be9f5e8ad3d03c3) Importer(815301076,1909f56bfc062723c751e8b465ee728b)
Number of updated assets reloaded before import = 0
Start importing Assets/Terrain/Terrain (16x16)_67.asset using Guid(303b7bf5ebcae6e48be9f5e8ad3d03c3) Importer(815301076,1909f56bfc062723c751e8b465ee728b)  -> (artifact id: 'ea6177519c9c71d16087e73eeba17008') in 0.009047 seconds 
Number of asset objects unloaded after import = 3
========================================================================
Received Import Request.
  Time since last request: 0.000028 seconds.
  path: Assets/Terrain/Terrain (16x16)_72.asset
  artifactKey: Guid(aa0d25a9ad75ca34b9b4aaf1cda10234) Importer(815301076,1909f56bfc062723c751e8b465ee728b)
Number of updated assets reloaded before import = 0
Start importing Assets/Terrain/Terrain (16x16)_72.asset using Guid(aa0d25a9ad75ca34b9b4aaf1cda10234) Importer(815301076,1909f56bfc062723c751e8b465ee728b)  -> (artifact id: 'f204460e7d2b3f2ab1bd57f4cc47e5d0') in 0.010103 seconds 
Number of asset objects unloaded after import = 3
========================================================================
Received Import Request.
  Time since last request: 0.000017 seconds.
  path: Assets/Terrain/Terrain (16x16)_42.asset
  artifactKey: Guid(14ddc20af081f7c479935f4364745942) Importer(815301076,1909f56bfc062723c751e8b465ee728b)
Number of updated assets reloaded before import = 0
Start importing Assets/Terrain/Terrain (16x16)_42.asset using Guid(14ddc20af081f7c479935f4364745942) Importer(815301076,1909f56bfc062723c751e8b465ee728b)  -> (artifact id: 'a2644a2229af191041cf6898f37fee44') in 0.009356 seconds 
Number of asset objects unloaded after import = 3
========================================================================
Received Import Request.
  Time since last request: 4.767263 seconds.
  path: Assets/Terrain/Terrain (16x16)_76.asset
  artifactKey: Guid(35503e41c0ae7b1449e41893271fb5ad) Importer(815301076,1909f56bfc062723c751e8b465ee728b)
Number of updated assets reloaded before import = 0
Start importing Assets/Terrain/Terrain (16x16)_76.asset using Guid(35503e41c0ae7b1449e41893271fb5ad) Importer(815301076,1909f56bfc062723c751e8b465ee728b)  -> (artifact id: '7216e121bc416fb5a74fa0f69ca198da') in 0.012392 seconds 
Number of asset objects unloaded after import = 3
========================================================================
Received Import Request.
  Time since last request: 0.000013 seconds.
  path: Assets/Terrain/Terrain (16x16)_80.asset
  artifactKey: Guid(c1da5e7f3085a9648ab874186b059f23) Importer(815301076,1909f56bfc062723c751e8b465ee728b)
Number of updated assets reloaded before import = 0
Start importing Assets/Terrain/Terrain (16x16)_80.asset using Guid(c1da5e7f3085a9648ab874186b059f23) Importer(815301076,1909f56bfc062723c751e8b465ee728b)  -> (artifact id: '3d508bf0f4f29f32097c7dad9e202342') in 0.011006 seconds 
Number of asset objects unloaded after import = 3
========================================================================
Received Import Request.
  Time since last request: 0.000024 seconds.
  path: Assets/Terrain/Terrain (16x16)_86.asset
  artifactKey: Guid(6924534c10533a64bb074642b7f1fb7e) Importer(815301076,1909f56bfc062723c751e8b465ee728b)
Number of updated assets reloaded before import = 0
Start importing Assets/Terrain/Terrain (16x16)_86.asset using Guid(6924534c10533a64bb074642b7f1fb7e) Importer(815301076,1909f56bfc062723c751e8b465ee728b)  -> (artifact id: '90cce3f451ac00d707b5ccaec70e4c62') in 0.013283 seconds 
Number of asset objects unloaded after import = 3
========================================================================
Received Import Request.
  Time since last request: 0.000015 seconds.
  path: Assets/Terrain/Terrain (16x16)_84.asset
  artifactKey: Guid(5560dd6a1ca57944bb0a9c23d2e053d7) Importer(815301076,1909f56bfc062723c751e8b465ee728b)
Number of updated assets reloaded before import = 0
Start importing Assets/Terrain/Terrain (16x16)_84.asset using Guid(5560dd6a1ca57944bb0a9c23d2e053d7) Importer(815301076,1909f56bfc062723c751e8b465ee728b)  -> (artifact id: '6ec08d0e5de7aa0fda25714dfc214e86') in 0.014310 seconds 
Number of asset objects unloaded after import = 3
========================================================================
Received Import Request.
  Time since last request: 0.000018 seconds.
  path: Assets/Terrain/Terrain (16x16)_78.asset
  artifactKey: Guid(17ac777427edf6341b5b1dfcd590a354) Importer(815301076,1909f56bfc062723c751e8b465ee728b)
Number of updated assets reloaded before import = 0
Start importing Assets/Terrain/Terrain (16x16)_78.asset using Guid(17ac777427edf6341b5b1dfcd590a354) Importer(815301076,1909f56bfc062723c751e8b465ee728b)  -> (artifact id: '0afd00262e351c34cb827c2b39811fef') in 0.011345 seconds 
Number of asset objects unloaded after import = 3
========================================================================
Received Import Request.
  Time since last request: 0.014820 seconds.
  path: Assets/Terrain/Terrain (16x16)_90.asset
  artifactKey: Guid(efa8eaded09a49e46a8f7556d65fcd7b) Importer(815301076,1909f56bfc062723c751e8b465ee728b)
Number of updated assets reloaded before import = 0
Start importing Assets/Terrain/Terrain (16x16)_90.asset using Guid(efa8eaded09a49e46a8f7556d65fcd7b) Importer(815301076,1909f56bfc062723c751e8b465ee728b)  -> (artifact id: '513b1a703fe12290517806dfdc662761') in 0.015776 seconds 
Number of asset objects unloaded after import = 3
========================================================================
Received Import Request.
  Time since last request: 0.000017 seconds.
  path: Assets/Terrain/Terrain (16x16)_95.asset
  artifactKey: Guid(4f91d32bc343b4942813bc88e8b095df) Importer(815301076,1909f56bfc062723c751e8b465ee728b)
Number of updated assets reloaded before import = 0
Start importing Assets/Terrain/Terrain (16x16)_95.asset using Guid(4f91d32bc343b4942813bc88e8b095df) Importer(815301076,1909f56bfc062723c751e8b465ee728b)  -> (artifact id: '3c2cf67386eaa0552f746fb225575230') in 0.012629 seconds 
Number of asset objects unloaded after import = 3
========================================================================
Received Import Request.
  Time since last request: 0.000022 seconds.
  path: Assets/Terrain/Terrain (16x16)_104.asset
  artifactKey: Guid(59d7b626831a06746a4211fee03ba0f2) Importer(815301076,1909f56bfc062723c751e8b465ee728b)
Number of updated assets reloaded before import = 0
Start importing Assets/Terrain/Terrain (16x16)_104.asset using Guid(59d7b626831a06746a4211fee03ba0f2) Importer(815301076,1909f56bfc062723c751e8b465ee728b)  -> (artifact id: '45f05dbbc50a24fb6eb3f5b44103f89a') in 0.013186 seconds 
Number of asset objects unloaded after import = 3
========================================================================
Received Import Request.
  Time since last request: 0.000013 seconds.
  path: Assets/Terrain/Terrain (16x16)_110.asset
  artifactKey: Guid(013d21228f748a540a58dbc177ec0c7a) Importer(815301076,1909f56bfc062723c751e8b465ee728b)
Number of updated assets reloaded before import = 0
Start importing Assets/Terrain/Terrain (16x16)_110.asset using Guid(013d21228f748a540a58dbc177ec0c7a) Importer(815301076,1909f56bfc062723c751e8b465ee728b)  -> (artifact id: '88f5dd034291cec4a0fe75bea429d907') in 0.016996 seconds 
Number of asset objects unloaded after import = 3
========================================================================
Received Import Request.
  Time since last request: 0.000017 seconds.
  path: Assets/Terrain/Terrain (16x16)_111.asset
  artifactKey: Guid(031390d9bf51a504ab40d5732149759a) Importer(815301076,1909f56bfc062723c751e8b465ee728b)
Number of updated assets reloaded before import = 0
Start importing Assets/Terrain/Terrain (16x16)_111.asset using Guid(031390d9bf51a504ab40d5732149759a) Importer(815301076,1909f56bfc062723c751e8b465ee728b)  -> (artifact id: 'c45a517ab8161a954c326632c8739557') in 0.013144 seconds 
Number of asset objects unloaded after import = 3
========================================================================
Received Import Request.
  Time since last request: 0.000021 seconds.
  path: Assets/Terrain/Terrain (16x16)_108.asset
  artifactKey: Guid(f2a4dfd556fc022478cee14ab35e4330) Importer(815301076,1909f56bfc062723c751e8b465ee728b)
Number of updated assets reloaded before import = 0
Start importing Assets/Terrain/Terrain (16x16)_108.asset using Guid(f2a4dfd556fc022478cee14ab35e4330) Importer(815301076,1909f56bfc062723c751e8b465ee728b)  -> (artifact id: '01e7aa38972d98fe76ac0da24b3820b7') in 0.017264 seconds 
Number of asset objects unloaded after import = 3
========================================================================
Received Import Request.
  Time since last request: 0.000017 seconds.
  path: Assets/Terrain/Terrain (16x16)_109.asset
  artifactKey: Guid(6850173e86abf09409eabecfb98b3449) Importer(815301076,1909f56bfc062723c751e8b465ee728b)
Number of updated assets reloaded before import = 0
Start importing Assets/Terrain/Terrain (16x16)_109.asset using Guid(6850173e86abf09409eabecfb98b3449) Importer(815301076,1909f56bfc062723c751e8b465ee728b)  -> (artifact id: 'a3630dfd52d10a519048c9b1229f6057') in 0.013111 seconds 
Number of asset objects unloaded after import = 3
========================================================================
Received Import Request.
  Time since last request: 0.120039 seconds.
  path: Assets/Terrain/Terrain (16x16)_120.asset
  artifactKey: Guid(3b7f01b4c135f8a4680a4738d39ae3c4) Importer(815301076,1909f56bfc062723c751e8b465ee728b)
Number of updated assets reloaded before import = 0
Start importing Assets/Terrain/Terrain (16x16)_120.asset using Guid(3b7f01b4c135f8a4680a4738d39ae3c4) Importer(815301076,1909f56bfc062723c751e8b465ee728b)  -> (artifact id: '4671d8763bde9457000f401044c84051') in 0.016309 seconds 
Number of asset objects unloaded after import = 3
========================================================================
Received Import Request.
  Time since last request: 0.000016 seconds.
  path: Assets/Terrain/Terrain (16x16)_142.asset
  artifactKey: Guid(373e5dea860a2cf4ead7450f0af99bba) Importer(815301076,1909f56bfc062723c751e8b465ee728b)
Number of updated assets reloaded before import = 0
Start importing Assets/Terrain/Terrain (16x16)_142.asset using Guid(373e5dea860a2cf4ead7450f0af99bba) Importer(815301076,1909f56bfc062723c751e8b465ee728b)  -> (artifact id: '11d69def7be006afbd2893f134a3948a') in 0.010516 seconds 
Number of asset objects unloaded after import = 3
========================================================================
Received Import Request.
  Time since last request: 0.000016 seconds.
  path: Assets/Terrain/Terrain (16x16)_123.asset
  artifactKey: Guid(b13387c1251dca6478acf50032a8805f) Importer(815301076,1909f56bfc062723c751e8b465ee728b)
Number of updated assets reloaded before import = 0
Start importing Assets/Terrain/Terrain (16x16)_123.asset using Guid(b13387c1251dca6478acf50032a8805f) Importer(815301076,1909f56bfc062723c751e8b465ee728b)  -> (artifact id: 'e0d75ac184c9f1b6a5a01ce58d129785') in 0.011008 seconds 
Number of asset objects unloaded after import = 3
========================================================================
Received Import Request.
  Time since last request: 0.000014 seconds.
  path: Assets/Terrain/Terrain (16x16)_143.asset
  artifactKey: Guid(5d6fe36bec938a84f8ef1780a5875f56) Importer(815301076,1909f56bfc062723c751e8b465ee728b)
Number of updated assets reloaded before import = 0
Start importing Assets/Terrain/Terrain (16x16)_143.asset using Guid(5d6fe36bec938a84f8ef1780a5875f56) Importer(815301076,1909f56bfc062723c751e8b465ee728b)  -> (artifact id: 'f30bf6573e7fe98ae1bdda6074ebb2ba') in 0.011541 seconds 
Number of asset objects unloaded after import = 3
========================================================================
Received Import Request.
  Time since last request: 0.000020 seconds.
  path: Assets/Terrain/Terrain (16x16)_122.asset
  artifactKey: Guid(d0edd33a5fcd4264faef87e192ecf450) Importer(815301076,1909f56bfc062723c751e8b465ee728b)
Number of updated assets reloaded before import = 0
Start importing Assets/Terrain/Terrain (16x16)_122.asset using Guid(d0edd33a5fcd4264faef87e192ecf450) Importer(815301076,1909f56bfc062723c751e8b465ee728b)  -> (artifact id: '9a3f75dd662aacd39fc926b4852301d5') in 0.012718 seconds 
Number of asset objects unloaded after import = 3
========================================================================
Received Import Request.
  Time since last request: 0.000013 seconds.
  path: Assets/Terrain/Terrain (16x16)_127.asset
  artifactKey: Guid(6b2dc741a1f3dda468316bcfb2fcd0e9) Importer(815301076,1909f56bfc062723c751e8b465ee728b)
Number of updated assets reloaded before import = 0
Start importing Assets/Terrain/Terrain (16x16)_127.asset using Guid(6b2dc741a1f3dda468316bcfb2fcd0e9) Importer(815301076,1909f56bfc062723c751e8b465ee728b)  -> (artifact id: '5b0c228d0b6b8170124c2e6be3451f44') in 0.012617 seconds 
Number of asset objects unloaded after import = 3
========================================================================
Received Import Request.
  Time since last request: 0.000020 seconds.
  path: Assets/Terrain/Terrain (16x16)_140.asset
  artifactKey: Guid(90d2ae277f3ebbb4ca10cbd002e05151) Importer(815301076,1909f56bfc062723c751e8b465ee728b)
Number of updated assets reloaded before import = 0
Start importing Assets/Terrain/Terrain (16x16)_140.asset using Guid(90d2ae277f3ebbb4ca10cbd002e05151) Importer(815301076,1909f56bfc062723c751e8b465ee728b)  -> (artifact id: '65e2049ba1859122f93836c4ff63226e') in 0.011040 seconds 
Number of asset objects unloaded after import = 3
Editor requested this worker to shutdown with reason: Scaling down because of idle timeout
AssetImportWorker is now disconnected from the server
Process exiting
Exiting without the bug reporter. Application will terminate with return code 0