Using pre-set license
Built from '2021.3/staging' branch; Version is '2021.3.31f1 (3409e2af086f) revision 3410402'; Using compiler version '192829333'; Build Type 'Release'
OS: 'Windows 10  (10.0.19045) 64bit Core' Language: 'ru' Physical Memory: 32637 MB
BatchMode: 1, IsHumanControllingUs: 0, StartBugReporterOnCrash: 0, Is64bit: 1, IsPro: 1

COMMAND LINE ARGUMENTS:
C:\Program Files\Unity\Hub\Editor\2021.3.31f1\Editor\Unity.exe
-adb2
-batchMode
-noUpm
-name
AssetImportWorker8
-projectPath
C:/Users/OEM/My project (5)
-logFile
Logs/AssetImportWorker8.log
-srvPort
50237
Successfully changed project path to: C:/Users/OEM/My project (5)
C:/Users/OEM/My project (5)
[UnityMemory] Configuration Parameters - Can be set up in boot.config
    "memorysetup-bucket-allocator-granularity=16"
    "memorysetup-bucket-allocator-bucket-count=8"
    "memorysetup-bucket-allocator-block-size=33554432"
    "memorysetup-bucket-allocator-block-count=8"
    "memorysetup-main-allocator-block-size=16777216"
    "memorysetup-thread-allocator-block-size=16777216"
    "memorysetup-gfx-main-allocator-block-size=16777216"
    "memorysetup-gfx-thread-allocator-block-size=16777216"
    "memorysetup-cache-allocator-block-size=4194304"
    "memorysetup-typetree-allocator-block-size=2097152"
    "memorysetup-profiler-bucket-allocator-granularity=16"
    "memorysetup-profiler-bucket-allocator-bucket-count=8"
    "memorysetup-profiler-bucket-allocator-block-size=33554432"
    "memorysetup-profiler-bucket-allocator-block-count=8"
    "memorysetup-profiler-allocator-block-size=16777216"
    "memorysetup-profiler-editor-allocator-block-size=1048576"
    "memorysetup-temp-allocator-size-main=16777216"
    "memorysetup-job-temp-allocator-block-size=2097152"
    "memorysetup-job-temp-allocator-block-size-background=1048576"
    "memorysetup-job-temp-allocator-reduction-small-platforms=262144"
    "memorysetup-temp-allocator-size-background-worker=32768"
    "memorysetup-temp-allocator-size-job-worker=262144"
    "memorysetup-temp-allocator-size-preload-manager=33554432"
    "memorysetup-temp-allocator-size-nav-mesh-worker=65536"
    "memorysetup-temp-allocator-size-audio-worker=65536"
    "memorysetup-temp-allocator-size-cloud-worker=32768"
    "memorysetup-temp-allocator-size-gi-baking-worker=262144"
    "memorysetup-temp-allocator-size-gfx=262144"
Player connection [23096] Host "[IP] 192.168.3.102 [Port] 0 [Flags] 2 [Guid] 995760296 [EditorId] 995760296 [Version] 1048832 [Id] WindowsEditor(7,DESKTOP-12RPA9J) [Debug] 1 [PackageName] WindowsEditor [ProjectName] Editor" joined multi-casting on [225.0.0.222:54997]...

Player connection [23096] Host "[IP] 192.168.3.102 [Port] 0 [Flags] 2 [Guid] 995760296 [EditorId] 995760296 [Version] 1048832 [Id] WindowsEditor(7,DESKTOP-12RPA9J) [Debug] 1 [PackageName] WindowsEditor [ProjectName] Editor" joined alternative multi-casting on [225.0.0.222:34997]...

[Physics::Module] Initialized MultithreadedJobDispatcher with {0} workers.
Refreshing native plugins compatible for Editor in 74.51 ms, found 6 plugins.
Preloading 0 native plugins for Editor in 0.00 ms.
Initialize engine version: 2021.3.31f1 (3409e2af086f)
[Subsystems] Discovering subsystems at path C:/Program Files/Unity/Hub/Editor/2021.3.31f1/Editor/Data/Resources/UnitySubsystems
[Subsystems] Discovering subsystems at path C:/Users/OEM/My project (5)/Assets
GfxDevice: creating device client; threaded=0; jobified=0
Direct3D:
    Version:  Direct3D 11.0 [level 11.1]
    Renderer: NVIDIA GeForce RTX 3080 Ti (ID=0x2208)
    Vendor:   NVIDIA
    VRAM:     12100 MB
    Driver:   31.0.15.3699
Initialize mono
Mono path[0] = 'C:/Program Files/Unity/Hub/Editor/2021.3.31f1/Editor/Data/Managed'
Mono path[1] = 'C:/Program Files/Unity/Hub/Editor/2021.3.31f1/Editor/Data/MonoBleedingEdge/lib/mono/unityjit-win32'
Mono config path = 'C:/Program Files/Unity/Hub/Editor/2021.3.31f1/Editor/Data/MonoBleedingEdge/etc'
Using monoOptions --debugger-agent=transport=dt_socket,embedding=1,server=y,suspend=n,address=127.0.0.1:56612
Begin MonoManager ReloadAssembly
Registering precompiled unity dll's ...
Register platform support module: C:/Program Files/Unity/Hub/Editor/2021.3.31f1/Editor/Data/PlaybackEngines/WindowsStandaloneSupport/UnityEditor.WindowsStandalone.Extensions.dll
Registered in 0.003693 seconds.
Native extension for WindowsStandalone target not found
Refreshing native plugins compatible for Editor in 59.88 ms, found 6 plugins.
Preloading 0 native plugins for Editor in 0.00 ms.
Mono: successfully reloaded assembly
- Completed reload, in  0.424 seconds
Domain Reload Profiling:
	ReloadAssembly (424ms)
		BeginReloadAssembly (67ms)
			ExecutionOrderSort (0ms)
			DisableScriptedObjects (0ms)
			BackupInstance (0ms)
			ReleaseScriptingObjects (0ms)
			CreateAndSetChildDomain (1ms)
		EndReloadAssembly (294ms)
			LoadAssemblies (66ms)
			RebuildTransferFunctionScriptingTraits (0ms)
			SetupTypeCache (69ms)
			ReleaseScriptCaches (0ms)
			RebuildScriptCaches (18ms)
			SetupLoadedEditorAssemblies (179ms)
				LogAssemblyErrors (0ms)
				InitializePlatformSupportModulesInManaged (6ms)
				SetLoadedEditorAssemblies (0ms)
				RefreshPlugins (60ms)
				BeforeProcessingInitializeOnLoad (1ms)
				ProcessInitializeOnLoadAttributes (81ms)
				ProcessInitializeOnLoadMethodAttributes (32ms)
				AfterProcessingInitializeOnLoad (0ms)
				EditorAssembliesLoaded (0ms)
			ExecutionOrderSort2 (0ms)
			AwakeInstancesAfterBackupRestoration (0ms)
Platform modules already initialized, skipping
Registering precompiled user dll's ...
Registered in 0.004490 seconds.
Begin MonoManager ReloadAssembly
Native extension for WindowsStandalone target not found
Refreshing native plugins compatible for Editor in 61.20 ms, found 6 plugins.
Preloading 0 native plugins for Editor in 0.00 ms.
Package Manager log level set to [2]
[Package Manager] Server::EnsureServerProcessIsRunning -- launch failed, reason: Unity was launched with the -noUpm command-line argument
[Package Manager] Cannot connect to Unity Package Manager local server
Mono: successfully reloaded assembly
- Completed reload, in  1.143 seconds
Domain Reload Profiling:
	ReloadAssembly (1144ms)
		BeginReloadAssembly (88ms)
			ExecutionOrderSort (0ms)
			DisableScriptedObjects (4ms)
			BackupInstance (0ms)
			ReleaseScriptingObjects (0ms)
			CreateAndSetChildDomain (14ms)
		EndReloadAssembly (978ms)
			LoadAssemblies (71ms)
			RebuildTransferFunctionScriptingTraits (0ms)
			SetupTypeCache (160ms)
			ReleaseScriptCaches (0ms)
			RebuildScriptCaches (38ms)
			SetupLoadedEditorAssemblies (693ms)
				LogAssemblyErrors (0ms)
				InitializePlatformSupportModulesInManaged (3ms)
				SetLoadedEditorAssemblies (0ms)
				RefreshPlugins (61ms)
				BeforeProcessingInitializeOnLoad (73ms)
				ProcessInitializeOnLoadAttributes (515ms)
				ProcessInitializeOnLoadMethodAttributes (34ms)
				AfterProcessingInitializeOnLoad (6ms)
				EditorAssembliesLoaded (0ms)
			ExecutionOrderSort2 (0ms)
			AwakeInstancesAfterBackupRestoration (4ms)
Platform modules already initialized, skipping
========================================================================
Worker process is ready to serve import requests
Launched and connected shader compiler UnityShaderCompiler.exe after 0.03 seconds
Refreshing native plugins compatible for Editor in 0.52 ms, found 6 plugins.
Preloading 0 native plugins for Editor in 0.00 ms.
Unloading 3951 Unused Serialized files (Serialized files now loaded: 0)
Unloading 39 unused Assets / (Unknown). Loaded Objects now: 4406.
Memory consumption went from 149.4 MB to 149.8 MB.
Total: 2.305400 ms (FindLiveObjects: 0.217600 ms CreateObjectMapping: 0.108600 ms MarkObjects: 1.922300 ms  DeleteObjects: 0.056100 ms)

AssetImportParameters requested are different than current active one (requested -> active):
  custom:video-decoder-ogg-theora: a1e56fd34408186e4bbccfd4996cb3dc -> 
  custom:container-muxer-webm: aa71ff27fc2769a1b78a27578f13a17b -> 
  custom:container-demuxer-webm: 4f35f7cbe854078d1ac9338744f61a02 -> 
  custom:video-encoder-webm-vp8: eb34c28f22e8b96e1ab97ce403110664 -> 
  custom:CustomObjectIndexerAttribute: bc11b3a6c3213fcdd17b65e7da85e133 -> 
  custom:audio-encoder-webm-vorbis: bf7c407c2cedff20999df2af8eb42d56 -> 
  custom:framework-win-MediaFoundation: 216162199b28c13a410421893ffa2e32 -> 
  custom:SearchIndexIgnoredProperties: e643bd26f0fe6173181afceb89e7c659 -> 
  custom:container-demuxer-ogg: 62fdf1f143b41e24485cea50d1cbac27 -> 
  custom:video-decoder-webm-vp8: 9c59270c3fd7afecdb556c50c9e8de78 -> 
  custom:audio-decoder-ogg-vorbis: bf7c407c2cedff20999df2af8eb42d56 -> 
========================================================================
Received Import Request.
  Time since last request: 664556.080322 seconds.
  path: Assets/Pixel Adventure 1/Assets/Terrain/Terrain (16x16)_91.asset
  artifactKey: Guid(a1ea9e15a9c2e084c9ba4c1c29fedb33) Importer(815301076,1909f56bfc062723c751e8b465ee728b)
Number of updated assets reloaded before import = 0
Start importing Assets/Pixel Adventure 1/Assets/Terrain/Terrain (16x16)_91.asset using Guid(a1ea9e15a9c2e084c9ba4c1c29fedb33) Importer(815301076,1909f56bfc062723c751e8b465ee728b)  -> (artifact id: 'b6759efaf9a748b7eec5e529f46e1459') in 0.041053 seconds 
Number of asset objects unloaded after import = 1
========================================================================
Received Import Request.
  Time since last request: 0.000034 seconds.
  path: Assets/Pixel Adventure 1/Assets/Terrain/Terrain (16x16)_141.asset
  artifactKey: Guid(e6a22748a93c4674781f7bee0284bf4d) Importer(815301076,1909f56bfc062723c751e8b465ee728b)
Number of updated assets reloaded before import = 0
Start importing Assets/Pixel Adventure 1/Assets/Terrain/Terrain (16x16)_141.asset using Guid(e6a22748a93c4674781f7bee0284bf4d) Importer(815301076,1909f56bfc062723c751e8b465ee728b)  -> (artifact id: 'a93896204c8b416b447c2a4c2ab0b4df') in 0.002763 seconds 
Number of asset objects unloaded after import = 1
========================================================================
Received Import Request.
  Time since last request: 0.000022 seconds.
  path: Assets/Pixel Adventure 1/Assets/Terrain/Terrain (16x16)_107.asset
  artifactKey: Guid(424a1853f639761408b1c37aeb3b59c5) Importer(815301076,1909f56bfc062723c751e8b465ee728b)
Number of updated assets reloaded before import = 0
Start importing Assets/Pixel Adventure 1/Assets/Terrain/Terrain (16x16)_107.asset using Guid(424a1853f639761408b1c37aeb3b59c5) Importer(815301076,1909f56bfc062723c751e8b465ee728b)  -> (artifact id: '3d8e77ceeb45390cc5f2e530e9ead27f') in 0.008721 seconds 
Number of asset objects unloaded after import = 1
========================================================================
Received Import Request.
  Time since last request: 0.000017 seconds.
  path: Assets/Pixel Adventure 1/Assets/Terrain/Terrain (16x16)_111.asset
  artifactKey: Guid(761b3f150632339439d335082248f925) Importer(815301076,1909f56bfc062723c751e8b465ee728b)
Number of updated assets reloaded before import = 0
Start importing Assets/Pixel Adventure 1/Assets/Terrain/Terrain (16x16)_111.asset using Guid(761b3f150632339439d335082248f925) Importer(815301076,1909f56bfc062723c751e8b465ee728b)  -> (artifact id: 'df549850a0a5ae7afa7e307086273eac') in 0.008020 seconds 
Number of asset objects unloaded after import = 1
========================================================================
Received Import Request.
  Time since last request: 0.000022 seconds.
  path: Assets/Pixel Adventure 1/Assets/Terrain/Terrain (16x16)_127.asset
  artifactKey: Guid(02ea52bce8712ce409cd9b2a426a59d8) Importer(815301076,1909f56bfc062723c751e8b465ee728b)
Number of updated assets reloaded before import = 0
Start importing Assets/Pixel Adventure 1/Assets/Terrain/Terrain (16x16)_127.asset using Guid(02ea52bce8712ce409cd9b2a426a59d8) Importer(815301076,1909f56bfc062723c751e8b465ee728b)  -> (artifact id: 'a9f6e62a8f1e1b08108a6dc605fdb0ae') in 0.009626 seconds 
Number of asset objects unloaded after import = 1
========================================================================
Received Import Request.
  Time since last request: 0.000018 seconds.
  path: Assets/Pixel Adventure 1/Assets/Terrain/Terrain (16x16)_100.asset
  artifactKey: Guid(945ba8020168b4b428013d033e87c48f) Importer(815301076,1909f56bfc062723c751e8b465ee728b)
Number of updated assets reloaded before import = 0
Start importing Assets/Pixel Adventure 1/Assets/Terrain/Terrain (16x16)_100.asset using Guid(945ba8020168b4b428013d033e87c48f) Importer(815301076,1909f56bfc062723c751e8b465ee728b)  -> (artifact id: '7841a7ce2099ce3a5d47a9a38fb21f58') in 0.009478 seconds 
Number of asset objects unloaded after import = 1
========================================================================
Received Import Request.
  Time since last request: 0.000016 seconds.
  path: Assets/Pixel Adventure 1/Assets/Terrain/Terrain (16x16)_128.asset
  artifactKey: Guid(1ef1256c2adbb604e8f6171a3d817611) Importer(815301076,1909f56bfc062723c751e8b465ee728b)
Number of updated assets reloaded before import = 0
Start importing Assets/Pixel Adventure 1/Assets/Terrain/Terrain (16x16)_128.asset using Guid(1ef1256c2adbb604e8f6171a3d817611) Importer(815301076,1909f56bfc062723c751e8b465ee728b)  -> (artifact id: '7add8310b844bd630872b184c55d3606') in 0.007651 seconds 
Number of asset objects unloaded after import = 1
========================================================================
Received Import Request.
  Time since last request: 0.000014 seconds.
  path: Assets/Pixel Adventure 1/Assets/Terrain/Terrain (16x16)_94.asset
  artifactKey: Guid(0bcbd595c9de6944f9c13bac05d0fb29) Importer(815301076,1909f56bfc062723c751e8b465ee728b)
Number of updated assets reloaded before import = 0
Start importing Assets/Pixel Adventure 1/Assets/Terrain/Terrain (16x16)_94.asset using Guid(0bcbd595c9de6944f9c13bac05d0fb29) Importer(815301076,1909f56bfc062723c751e8b465ee728b)  -> (artifact id: '897ece665bf44048d23d59587648e2fe') in 0.007955 seconds 
Number of asset objects unloaded after import = 1
========================================================================
Received Import Request.
  Time since last request: 0.000022 seconds.
  path: Assets/Pixel Adventure 1/Assets/Terrain/Terrain (16x16)_124.asset
  artifactKey: Guid(9d7a3acc4220ab74da291c6b06c79f67) Importer(815301076,1909f56bfc062723c751e8b465ee728b)
Number of updated assets reloaded before import = 0
Start importing Assets/Pixel Adventure 1/Assets/Terrain/Terrain (16x16)_124.asset using Guid(9d7a3acc4220ab74da291c6b06c79f67) Importer(815301076,1909f56bfc062723c751e8b465ee728b)  -> (artifact id: 'c8858f672aa6f1ece3c0cdb64b67b1db') in 0.002774 seconds 
Number of asset objects unloaded after import = 1
========================================================================
Received Import Request.
  Time since last request: 0.000016 seconds.
  path: Assets/Pixel Adventure 1/Assets/Terrain/Terrain (16x16)_136.asset
  artifactKey: Guid(53758048569157a44a2edbde79a1125e) Importer(815301076,1909f56bfc062723c751e8b465ee728b)
Number of updated assets reloaded before import = 0
Start importing Assets/Pixel Adventure 1/Assets/Terrain/Terrain (16x16)_136.asset using Guid(53758048569157a44a2edbde79a1125e) Importer(815301076,1909f56bfc062723c751e8b465ee728b)  -> (artifact id: 'bfe77932b98e657ba56d867d59a195fd') in 0.003073 seconds 
Number of asset objects unloaded after import = 1
========================================================================
Received Import Request.
  Time since last request: 0.000026 seconds.
  path: Assets/Pixel Adventure 1/Assets/Terrain/Terrain (16x16)_108.asset
  artifactKey: Guid(ced6518ceddfad54f97918feda7b413a) Importer(815301076,1909f56bfc062723c751e8b465ee728b)
Number of updated assets reloaded before import = 0
Start importing Assets/Pixel Adventure 1/Assets/Terrain/Terrain (16x16)_108.asset using Guid(ced6518ceddfad54f97918feda7b413a) Importer(815301076,1909f56bfc062723c751e8b465ee728b)  -> (artifact id: 'da2836ba35dfb409d884e493edddb8d9') in 0.002649 seconds 
Number of asset objects unloaded after import = 1
========================================================================
Received Import Request.
  Time since last request: 0.000019 seconds.
  path: Assets/Pixel Adventure 1/Assets/Terrain/Terrain (16x16)_115.asset
  artifactKey: Guid(0543bb0763702d04f9e0b2c0581c8abf) Importer(815301076,1909f56bfc062723c751e8b465ee728b)
Number of updated assets reloaded before import = 0
Start importing Assets/Pixel Adventure 1/Assets/Terrain/Terrain (16x16)_115.asset using Guid(0543bb0763702d04f9e0b2c0581c8abf) Importer(815301076,1909f56bfc062723c751e8b465ee728b)  -> (artifact id: 'c034e2a66b6e6091bed23b54c8bebce9') in 0.009411 seconds 
Number of asset objects unloaded after import = 1
========================================================================
Received Import Request.
  Time since last request: 0.000024 seconds.
  path: Assets/Pixel Adventure 1/Assets/Terrain/Terrain (16x16)_122.asset
  artifactKey: Guid(4d31a9c785f6e66478396b80d8027965) Importer(815301076,1909f56bfc062723c751e8b465ee728b)
Number of updated assets reloaded before import = 0
Start importing Assets/Pixel Adventure 1/Assets/Terrain/Terrain (16x16)_122.asset using Guid(4d31a9c785f6e66478396b80d8027965) Importer(815301076,1909f56bfc062723c751e8b465ee728b)  -> (artifact id: '521d8f0f8ad435e64ca49f3150b72167') in 0.009205 seconds 
Number of asset objects unloaded after import = 1
========================================================================
Received Import Request.
  Time since last request: 0.000017 seconds.
  path: Assets/Pixel Adventure 1/Assets/Terrain/Terrain (16x16)_135.asset
  artifactKey: Guid(fbbc87f3f1780f2489117e6996b259d5) Importer(815301076,1909f56bfc062723c751e8b465ee728b)
Number of updated assets reloaded before import = 0
Start importing Assets/Pixel Adventure 1/Assets/Terrain/Terrain (16x16)_135.asset using Guid(fbbc87f3f1780f2489117e6996b259d5) Importer(815301076,1909f56bfc062723c751e8b465ee728b)  -> (artifact id: '78cbe49038be9deac6b8121c89f4e53d') in 0.008674 seconds 
Number of asset objects unloaded after import = 1
========================================================================
Received Import Request.
  Time since last request: 0.000013 seconds.
  path: Assets/Pixel Adventure 1/Assets/Terrain/Terrain.prefab
  artifactKey: Guid(0f3b2987e45bc6d47b16695b8e69bb86) Importer(815301076,1909f56bfc062723c751e8b465ee728b)
Number of updated assets reloaded before import = 0
Start importing Assets/Pixel Adventure 1/Assets/Terrain/Terrain.prefab using Guid(0f3b2987e45bc6d47b16695b8e69bb86) Importer(815301076,1909f56bfc062723c751e8b465ee728b)  -> (artifact id: '95f47ae752e3f33fa139906faf5a6e75') in 0.103132 seconds 
Number of asset objects unloaded after import = 154
========================================================================
Received Import Request.
  Time since last request: 0.000013 seconds.
  path: Assets/Pixel Adventure 1/Assets/Terrain/Terrain (16x16)_112.asset
  artifactKey: Guid(094d789d175d58544a416c72deb55917) Importer(815301076,1909f56bfc062723c751e8b465ee728b)
Number of updated assets reloaded before import = 0
Start importing Assets/Pixel Adventure 1/Assets/Terrain/Terrain (16x16)_112.asset using Guid(094d789d175d58544a416c72deb55917) Importer(815301076,1909f56bfc062723c751e8b465ee728b)  -> (artifact id: '66a6eb66742949f073d485d8722eee45') in 0.006929 seconds 
Number of asset objects unloaded after import = 1
========================================================================
Received Import Request.
  Time since last request: 0.000012 seconds.
  path: Assets/Pixel Adventure 1/Assets/Terrain/Terrain (16x16)_101.asset
  artifactKey: Guid(a9dee0128f619da4da8805f658a1af77) Importer(815301076,1909f56bfc062723c751e8b465ee728b)
Number of updated assets reloaded before import = 0
Start importing Assets/Pixel Adventure 1/Assets/Terrain/Terrain (16x16)_101.asset using Guid(a9dee0128f619da4da8805f658a1af77) Importer(815301076,1909f56bfc062723c751e8b465ee728b)  -> (artifact id: 'b921d9f17add7b28775e49b099f64eff') in 0.007508 seconds 
Number of asset objects unloaded after import = 1
========================================================================
Received Import Request.
  Time since last request: 0.000013 seconds.
  path: Assets/Pixel Adventure 1/Assets/Terrain/Terrain (16x16)_103.asset
  artifactKey: Guid(9320f8ce7b399de4f8153ff7a4f1cdff) Importer(815301076,1909f56bfc062723c751e8b465ee728b)
Number of updated assets reloaded before import = 0
Start importing Assets/Pixel Adventure 1/Assets/Terrain/Terrain (16x16)_103.asset using Guid(9320f8ce7b399de4f8153ff7a4f1cdff) Importer(815301076,1909f56bfc062723c751e8b465ee728b)  -> (artifact id: 'f2c3d8fb9914db8393b6c58b25d9a48a') in 0.008701 seconds 
Number of asset objects unloaded after import = 1
========================================================================
Received Import Request.
  Time since last request: 0.000012 seconds.
  path: Assets/Pixel Adventure 1/Assets/Terrain/Terrain (16x16)_130.asset
  artifactKey: Guid(ea75eae437203f4419fbf9b989361c84) Importer(815301076,1909f56bfc062723c751e8b465ee728b)
Number of updated assets reloaded before import = 0
Start importing Assets/Pixel Adventure 1/Assets/Terrain/Terrain (16x16)_130.asset using Guid(ea75eae437203f4419fbf9b989361c84) Importer(815301076,1909f56bfc062723c751e8b465ee728b)  -> (artifact id: 'b95fdad3e0c9b15c65d8770a5ec602ad') in 0.007933 seconds 
Number of asset objects unloaded after import = 1
========================================================================
Received Import Request.
  Time since last request: 0.000013 seconds.
  path: Assets/Pixel Adventure 1/Assets/Terrain/Terrain (16x16)_121.asset
  artifactKey: Guid(c05f841681379c04695286c209bb151a) Importer(815301076,1909f56bfc062723c751e8b465ee728b)
Number of updated assets reloaded before import = 0
Start importing Assets/Pixel Adventure 1/Assets/Terrain/Terrain (16x16)_121.asset using Guid(c05f841681379c04695286c209bb151a) Importer(815301076,1909f56bfc062723c751e8b465ee728b)  -> (artifact id: 'c623e4366e1e4f5581960f3b71f48dae') in 0.008305 seconds 
Number of asset objects unloaded after import = 1
========================================================================
Received Import Request.
  Time since last request: 1.480856 seconds.
  path: Assets/Pixel Adventure 1/Assets/Terrain/Terrain (16x16)_61.asset
  artifactKey: Guid(f9d12fca1c87b0948bb6a35d56e085f4) Importer(815301076,1909f56bfc062723c751e8b465ee728b)
Number of updated assets reloaded before import = 0
Start importing Assets/Pixel Adventure 1/Assets/Terrain/Terrain (16x16)_61.asset using Guid(f9d12fca1c87b0948bb6a35d56e085f4) Importer(815301076,1909f56bfc062723c751e8b465ee728b)  -> (artifact id: 'd685731a27e2f90f42f7f8acf55a4060') in 0.007745 seconds 
Number of asset objects unloaded after import = 1
========================================================================
Received Import Request.
  Time since last request: 0.000013 seconds.
  path: Assets/Pixel Adventure 1/Assets/Terrain/Terrain (16x16)_71.asset
  artifactKey: Guid(0e24ddd18fa7c14479c4e61ca3ff423c) Importer(815301076,1909f56bfc062723c751e8b465ee728b)
Number of updated assets reloaded before import = 0
Start importing Assets/Pixel Adventure 1/Assets/Terrain/Terrain (16x16)_71.asset using Guid(0e24ddd18fa7c14479c4e61ca3ff423c) Importer(815301076,1909f56bfc062723c751e8b465ee728b)  -> (artifact id: '09c49ab152f56e9416e75d919233dfc6') in 0.008136 seconds 
Number of asset objects unloaded after import = 1
========================================================================
Received Import Request.
  Time since last request: 0.000015 seconds.
  path: Assets/Pixel Adventure 1/Assets/Terrain/Terrain (16x16)_72.asset
  artifactKey: Guid(6c4f350a4deb68a499b07e76b09d405b) Importer(815301076,1909f56bfc062723c751e8b465ee728b)
Number of updated assets reloaded before import = 0
Start importing Assets/Pixel Adventure 1/Assets/Terrain/Terrain (16x16)_72.asset using Guid(6c4f350a4deb68a499b07e76b09d405b) Importer(815301076,1909f56bfc062723c751e8b465ee728b)  -> (artifact id: 'c037ce07f88be505e35fc164cb87ed5f') in 0.008531 seconds 
Number of asset objects unloaded after import = 1
========================================================================
Received Import Request.
  Time since last request: 0.000018 seconds.
  path: Assets/Pixel Adventure 1/Assets/Terrain/Terrain (16x16)_80.asset
  artifactKey: Guid(fea3d6218ff33314cb3152dfaffe59d5) Importer(815301076,1909f56bfc062723c751e8b465ee728b)
Number of updated assets reloaded before import = 0
Start importing Assets/Pixel Adventure 1/Assets/Terrain/Terrain (16x16)_80.asset using Guid(fea3d6218ff33314cb3152dfaffe59d5) Importer(815301076,1909f56bfc062723c751e8b465ee728b)  -> (artifact id: 'f1be58fd43c73015788bbc8506952936') in 0.004802 seconds 
Number of asset objects unloaded after import = 1
========================================================================
Received Import Request.
  Time since last request: 0.000024 seconds.
  path: Assets/Pixel Adventure 1/Assets/Terrain/Terrain (16x16)_88.asset
  artifactKey: Guid(8ebf3cdd9d32cd046941f9b1c030ca0d) Importer(815301076,1909f56bfc062723c751e8b465ee728b)
Number of updated assets reloaded before import = 0
Start importing Assets/Pixel Adventure 1/Assets/Terrain/Terrain (16x16)_88.asset using Guid(8ebf3cdd9d32cd046941f9b1c030ca0d) Importer(815301076,1909f56bfc062723c751e8b465ee728b)  -> (artifact id: '5bc889254dec776920e1c9632ad79837') in 0.003284 seconds 
Number of asset objects unloaded after import = 1
========================================================================
Received Import Request.
  Time since last request: 0.000014 seconds.
  path: Assets/Pixel Adventure 1/Assets/Terrain/Terrain (16x16)_77.asset
  artifactKey: Guid(dfaa0fdbaef9b3c47932daf2e2b1ac5a) Importer(815301076,1909f56bfc062723c751e8b465ee728b)
Number of updated assets reloaded before import = 0
Start importing Assets/Pixel Adventure 1/Assets/Terrain/Terrain (16x16)_77.asset using Guid(dfaa0fdbaef9b3c47932daf2e2b1ac5a) Importer(815301076,1909f56bfc062723c751e8b465ee728b)  -> (artifact id: 'c451ae415e175279009749d91794ef60') in 0.008350 seconds 
Number of asset objects unloaded after import = 1
========================================================================
Received Import Request.
  Time since last request: 0.000016 seconds.
  path: Assets/Pixel Adventure 1/Assets/Terrain/Terrain (16x16)_62.asset
  artifactKey: Guid(5c9dbb54d2eaf094baf30d173dde428d) Importer(815301076,1909f56bfc062723c751e8b465ee728b)
Number of updated assets reloaded before import = 0
Start importing Assets/Pixel Adventure 1/Assets/Terrain/Terrain (16x16)_62.asset using Guid(5c9dbb54d2eaf094baf30d173dde428d) Importer(815301076,1909f56bfc062723c751e8b465ee728b)  -> (artifact id: '35cf6b02da4ee7711f0f1e20e8f5a339') in 0.008794 seconds 
Number of asset objects unloaded after import = 1
========================================================================
Received Import Request.
  Time since last request: 0.000013 seconds.
  path: Assets/Pixel Adventure 1/Assets/Terrain/Terrain (16x16)_86.asset
  artifactKey: Guid(dcdc167c29a1bb146937adae04f84822) Importer(815301076,1909f56bfc062723c751e8b465ee728b)
Number of updated assets reloaded before import = 0
Start importing Assets/Pixel Adventure 1/Assets/Terrain/Terrain (16x16)_86.asset using Guid(dcdc167c29a1bb146937adae04f84822) Importer(815301076,1909f56bfc062723c751e8b465ee728b)  -> (artifact id: '0d6b63b19ec1109c1f7af16b0d2e7dab') in 0.007413 seconds 
Number of asset objects unloaded after import = 1
========================================================================
Received Import Request.
  Time since last request: 0.000016 seconds.
  path: Assets/Pixel Adventure 1/Assets/Terrain/Terrain (16x16)_81.asset
  artifactKey: Guid(0cfc4d7dc2428f84b9e3bc6b0128f599) Importer(815301076,1909f56bfc062723c751e8b465ee728b)
Number of updated assets reloaded before import = 0
Start importing Assets/Pixel Adventure 1/Assets/Terrain/Terrain (16x16)_81.asset using Guid(0cfc4d7dc2428f84b9e3bc6b0128f599) Importer(815301076,1909f56bfc062723c751e8b465ee728b)  -> (artifact id: '84e851b8e3476a49f65cdf457d6ede4d') in 0.002707 seconds 
Number of asset objects unloaded after import = 1
========================================================================
Received Import Request.
  Time since last request: 0.000015 seconds.
  path: Assets/Pixel Adventure 1/Assets/Terrain/Terrain (16x16)_68.asset
  artifactKey: Guid(f932cf817a8a5d542871604ed2f5f72f) Importer(815301076,1909f56bfc062723c751e8b465ee728b)
Number of updated assets reloaded before import = 0
Start importing Assets/Pixel Adventure 1/Assets/Terrain/Terrain (16x16)_68.asset using Guid(f932cf817a8a5d542871604ed2f5f72f) Importer(815301076,1909f56bfc062723c751e8b465ee728b)  -> (artifact id: '02c0d9756369bf3dde90c1886b5f9dae') in 0.007865 seconds 
Number of asset objects unloaded after import = 1
========================================================================
Received Import Request.
  Time since last request: 0.000016 seconds.
  path: Assets/Pixel Adventure 1/Assets/Terrain/Terrain (16x16)_73.asset
  artifactKey: Guid(83e1740e02fa69b47a35b3aa58a4c928) Importer(815301076,1909f56bfc062723c751e8b465ee728b)
Number of updated assets reloaded before import = 0
Start importing Assets/Pixel Adventure 1/Assets/Terrain/Terrain (16x16)_73.asset using Guid(83e1740e02fa69b47a35b3aa58a4c928) Importer(815301076,1909f56bfc062723c751e8b465ee728b)  -> (artifact id: '1531f08fdb761dd8c19bc5827c33111f') in 0.003213 seconds 
Number of asset objects unloaded after import = 1
========================================================================
Received Import Request.
  Time since last request: 0.000019 seconds.
  path: Assets/Pixel Adventure 1/Assets/Terrain/Terrain (16x16)_45.asset
  artifactKey: Guid(ba0c4100faf8f784ca08386fb4b2da03) Importer(815301076,1909f56bfc062723c751e8b465ee728b)
Number of updated assets reloaded before import = 0
Start importing Assets/Pixel Adventure 1/Assets/Terrain/Terrain (16x16)_45.asset using Guid(ba0c4100faf8f784ca08386fb4b2da03) Importer(815301076,1909f56bfc062723c751e8b465ee728b)  -> (artifact id: '5c1ebf734b9b4b771eb7a82935c902a2') in 0.009536 seconds 
Number of asset objects unloaded after import = 1
========================================================================
Received Import Request.
  Time since last request: 0.000018 seconds.
  path: Assets/Pixel Adventure 1/Assets/Terrain/Terrain (16x16)_59.asset
  artifactKey: Guid(d8b6e725619f70f43b15527bbc52d0b7) Importer(815301076,1909f56bfc062723c751e8b465ee728b)
Number of updated assets reloaded before import = 0
Start importing Assets/Pixel Adventure 1/Assets/Terrain/Terrain (16x16)_59.asset using Guid(d8b6e725619f70f43b15527bbc52d0b7) Importer(815301076,1909f56bfc062723c751e8b465ee728b)  -> (artifact id: '6813ecba4cf67b256e08bd338c475713') in 0.008846 seconds 
Number of asset objects unloaded after import = 1
========================================================================
Received Import Request.
  Time since last request: 0.000020 seconds.
  path: Assets/Pixel Adventure 1/Assets/Terrain/Terrain (16x16)_47.asset
  artifactKey: Guid(c53de7fd4ffa6b8418130ecb7c387c28) Importer(815301076,1909f56bfc062723c751e8b465ee728b)
Number of updated assets reloaded before import = 0
Start importing Assets/Pixel Adventure 1/Assets/Terrain/Terrain (16x16)_47.asset using Guid(c53de7fd4ffa6b8418130ecb7c387c28) Importer(815301076,1909f56bfc062723c751e8b465ee728b)  -> (artifact id: '52854ab0991964f2c401ac1f9a7deb6e') in 0.009844 seconds 
Number of asset objects unloaded after import = 1
========================================================================
Received Import Request.
  Time since last request: 0.000017 seconds.
  path: Assets/Pixel Adventure 1/Assets/Terrain/Terrain (16x16)_50.asset
  artifactKey: Guid(0c9434df972187b4d893e71c1faf0d81) Importer(815301076,1909f56bfc062723c751e8b465ee728b)
Number of updated assets reloaded before import = 0
Start importing Assets/Pixel Adventure 1/Assets/Terrain/Terrain (16x16)_50.asset using Guid(0c9434df972187b4d893e71c1faf0d81) Importer(815301076,1909f56bfc062723c751e8b465ee728b)  -> (artifact id: '95de93335527a34b4cef9d83bec38ed7') in 0.002600 seconds 
Number of asset objects unloaded after import = 1
========================================================================
Received Import Request.
  Time since last request: 0.000014 seconds.
  path: Assets/Pixel Adventure 1/Assets/Terrain/Terrain (16x16)_51.asset
  artifactKey: Guid(888f8117d14856f4f90df98e9a31f838) Importer(815301076,1909f56bfc062723c751e8b465ee728b)
Number of updated assets reloaded before import = 0
Start importing Assets/Pixel Adventure 1/Assets/Terrain/Terrain (16x16)_51.asset using Guid(888f8117d14856f4f90df98e9a31f838) Importer(815301076,1909f56bfc062723c751e8b465ee728b)  -> (artifact id: '564bf67b3b70e40db38147dfdcae8cf2') in 0.008510 seconds 
Number of asset objects unloaded after import = 1
========================================================================
Received Import Request.
  Time since last request: 0.000022 seconds.
  path: Assets/Pixel Adventure 1/Assets/Terrain/Terrain (16x16)_70.asset
  artifactKey: Guid(1cf2a54ed8012bb458b7367fce276c10) Importer(815301076,1909f56bfc062723c751e8b465ee728b)
Number of updated assets reloaded before import = 0
Start importing Assets/Pixel Adventure 1/Assets/Terrain/Terrain (16x16)_70.asset using Guid(1cf2a54ed8012bb458b7367fce276c10) Importer(815301076,1909f56bfc062723c751e8b465ee728b)  -> (artifact id: '87888d8e8f478d538eb8fbc45ae36258') in 0.003065 seconds 
Number of asset objects unloaded after import = 1
========================================================================
Received Import Request.
  Time since last request: 0.000019 seconds.
  path: Assets/Pixel Adventure 1/Assets/Terrain/Terrain (16x16)_79.asset
  artifactKey: Guid(2bb94b58dc800044e8d90f6e2d50fba0) Importer(815301076,1909f56bfc062723c751e8b465ee728b)
Number of updated assets reloaded before import = 0
Start importing Assets/Pixel Adventure 1/Assets/Terrain/Terrain (16x16)_79.asset using Guid(2bb94b58dc800044e8d90f6e2d50fba0) Importer(815301076,1909f56bfc062723c751e8b465ee728b)  -> (artifact id: 'e3c04e7c94f6e049e003d6b95db303e4') in 0.006676 seconds 
Number of asset objects unloaded after import = 1
========================================================================
Received Import Request.
  Time since last request: 0.000016 seconds.
  path: Assets/Pixel Adventure 1/Assets/Terrain/Terrain (16x16)_57.asset
  artifactKey: Guid(6783014d5012917438712e14cf7aeaed) Importer(815301076,1909f56bfc062723c751e8b465ee728b)
Number of updated assets reloaded before import = 0
Start importing Assets/Pixel Adventure 1/Assets/Terrain/Terrain (16x16)_57.asset using Guid(6783014d5012917438712e14cf7aeaed) Importer(815301076,1909f56bfc062723c751e8b465ee728b)  -> (artifact id: '96214fd1dfb57d9e73851f19959c27ac') in 0.002461 seconds 
Number of asset objects unloaded after import = 1
========================================================================
Received Import Request.
  Time since last request: 0.000013 seconds.
  path: Assets/Pixel Adventure 1/Assets/Terrain/Terrain (16x16)_75.asset
  artifactKey: Guid(d4b1f749d7ff1364899ee6bad7ccf2ec) Importer(815301076,1909f56bfc062723c751e8b465ee728b)
Number of updated assets reloaded before import = 0
Start importing Assets/Pixel Adventure 1/Assets/Terrain/Terrain (16x16)_75.asset using Guid(d4b1f749d7ff1364899ee6bad7ccf2ec) Importer(815301076,1909f56bfc062723c751e8b465ee728b)  -> (artifact id: '010932a1405d3f377924a91aac5f4960') in 0.008916 seconds 
Number of asset objects unloaded after import = 1
========================================================================
Received Import Request.
  Time since last request: 0.000015 seconds.
  path: Assets/Pixel Adventure 1/Assets/Terrain/Terrain (16x16)_89.asset
  artifactKey: Guid(fc892071222bf5040991bbfc1c9c11ff) Importer(815301076,1909f56bfc062723c751e8b465ee728b)
Number of updated assets reloaded before import = 0
Start importing Assets/Pixel Adventure 1/Assets/Terrain/Terrain (16x16)_89.asset using Guid(fc892071222bf5040991bbfc1c9c11ff) Importer(815301076,1909f56bfc062723c751e8b465ee728b)  -> (artifact id: '116840a0ccccfc1868ec28fb73f190f2') in 0.007911 seconds 
Number of asset objects unloaded after import = 1
========================================================================
Received Import Request.
  Time since last request: 0.000017 seconds.
  path: Assets/Pixel Adventure 1/Assets/Terrain/Terrain (16x16)_49.asset
  artifactKey: Guid(3e70c492dbfe7d34195090efb7a3cb6b) Importer(815301076,1909f56bfc062723c751e8b465ee728b)
Number of updated assets reloaded before import = 0
Start importing Assets/Pixel Adventure 1/Assets/Terrain/Terrain (16x16)_49.asset using Guid(3e70c492dbfe7d34195090efb7a3cb6b) Importer(815301076,1909f56bfc062723c751e8b465ee728b)  -> (artifact id: 'fb8c46a49787a271fc8b31b35174f2d9') in 0.007881 seconds 
Number of asset objects unloaded after import = 1
========================================================================
Received Import Request.
  Time since last request: 0.026319 seconds.
  path: Assets/Pixel Adventure 1/Assets/Terrain/Terrain (16x16)_31.asset
  artifactKey: Guid(dcc6200c3a2f67844a3b1d96baaf4017) Importer(815301076,1909f56bfc062723c751e8b465ee728b)
Number of updated assets reloaded before import = 0
Start importing Assets/Pixel Adventure 1/Assets/Terrain/Terrain (16x16)_31.asset using Guid(dcc6200c3a2f67844a3b1d96baaf4017) Importer(815301076,1909f56bfc062723c751e8b465ee728b)  -> (artifact id: '17e4a48ceed1c00cc8be9e762fb1965e') in 0.008938 seconds 
Number of asset objects unloaded after import = 1
========================================================================
Received Import Request.
  Time since last request: 0.000015 seconds.
  path: Assets/Pixel Adventure 1/Assets/Terrain/Terrain (16x16)_38.asset
  artifactKey: Guid(f27a5ed060e310e47938fa0f7a7eb2e0) Importer(815301076,1909f56bfc062723c751e8b465ee728b)
Number of updated assets reloaded before import = 0
Start importing Assets/Pixel Adventure 1/Assets/Terrain/Terrain (16x16)_38.asset using Guid(f27a5ed060e310e47938fa0f7a7eb2e0) Importer(815301076,1909f56bfc062723c751e8b465ee728b)  -> (artifact id: '327a8ed259a08b8fa00a68f9886f869d') in 0.002871 seconds 
Number of asset objects unloaded after import = 1
========================================================================
Received Import Request.
  Time since last request: 0.000016 seconds.
  path: Assets/Pixel Adventure 1/Assets/Terrain/Terrain (16x16)_39.asset
  artifactKey: Guid(41636727e3ca3ea4886781256e8486d1) Importer(815301076,1909f56bfc062723c751e8b465ee728b)
Number of updated assets reloaded before import = 0
Start importing Assets/Pixel Adventure 1/Assets/Terrain/Terrain (16x16)_39.asset using Guid(41636727e3ca3ea4886781256e8486d1) Importer(815301076,1909f56bfc062723c751e8b465ee728b)  -> (artifact id: '649deda696c1df506c20352e7a4b661b') in 0.008522 seconds 
Number of asset objects unloaded after import = 1
========================================================================
Received Import Request.
  Time since last request: 0.000017 seconds.
  path: Assets/Pixel Adventure 1/Assets/Terrain/Terrain (16x16)_42.asset
  artifactKey: Guid(e0fb7b96cd58d2f4cae20d8cad0f2220) Importer(815301076,1909f56bfc062723c751e8b465ee728b)
Number of updated assets reloaded before import = 0
Start importing Assets/Pixel Adventure 1/Assets/Terrain/Terrain (16x16)_42.asset using Guid(e0fb7b96cd58d2f4cae20d8cad0f2220) Importer(815301076,1909f56bfc062723c751e8b465ee728b)  -> (artifact id: '5a39ebe59f6b693744054d89124c0d65') in 0.002765 seconds 
Number of asset objects unloaded after import = 1
========================================================================
Received Import Request.
  Time since last request: 0.000018 seconds.
  path: Assets/Pixel Adventure 1/Assets/Terrain/Terrain (16x16)_34.asset
  artifactKey: Guid(30cf70c3eb2a8dc46ba67c7ec5dc297f) Importer(815301076,1909f56bfc062723c751e8b465ee728b)
Number of updated assets reloaded before import = 0
Start importing Assets/Pixel Adventure 1/Assets/Terrain/Terrain (16x16)_34.asset using Guid(30cf70c3eb2a8dc46ba67c7ec5dc297f) Importer(815301076,1909f56bfc062723c751e8b465ee728b)  -> (artifact id: '6f0e013291b4b85f05bc2c398e9e9895') in 0.008488 seconds 
Number of asset objects unloaded after import = 1
========================================================================
Received Import Request.
  Time since last request: 0.000037 seconds.
  path: Assets/Pixel Adventure 1/Assets/Terrain/Terrain (16x16)_36.asset
  artifactKey: Guid(06dd81f3d9eab104c87333393aa9d54e) Importer(815301076,1909f56bfc062723c751e8b465ee728b)
Number of updated assets reloaded before import = 0
Start importing Assets/Pixel Adventure 1/Assets/Terrain/Terrain (16x16)_36.asset using Guid(06dd81f3d9eab104c87333393aa9d54e) Importer(815301076,1909f56bfc062723c751e8b465ee728b)  -> (artifact id: 'e9c4eb52c0b8773a779c51f9c5d282ad') in 0.009142 seconds 
Number of asset objects unloaded after import = 1
========================================================================
Received Import Request.
  Time since last request: 0.000015 seconds.
  path: Assets/Pixel Adventure 1/Assets/Terrain/Terrain (16x16)_35.asset
  artifactKey: Guid(49676be632d9f814a877daf6f3b89cd0) Importer(815301076,1909f56bfc062723c751e8b465ee728b)
Number of updated assets reloaded before import = 0
Start importing Assets/Pixel Adventure 1/Assets/Terrain/Terrain (16x16)_35.asset using Guid(49676be632d9f814a877daf6f3b89cd0) Importer(815301076,1909f56bfc062723c751e8b465ee728b)  -> (artifact id: 'd4cc59ae2317b1221ef5b5ed84a44b47') in 0.002915 seconds 
Number of asset objects unloaded after import = 1
========================================================================
Received Import Request.
  Time since last request: 0.000013 seconds.
  path: Assets/Pixel Adventure 1/Assets/Terrain/Terrain (16x16)_41.asset
  artifactKey: Guid(495daa327fa81c248ac4e75ac6729629) Importer(815301076,1909f56bfc062723c751e8b465ee728b)
Number of updated assets reloaded before import = 0
Start importing Assets/Pixel Adventure 1/Assets/Terrain/Terrain (16x16)_41.asset using Guid(495daa327fa81c248ac4e75ac6729629) Importer(815301076,1909f56bfc062723c751e8b465ee728b)  -> (artifact id: '16d3429be691d1ef8e28eab898f2b1b9') in 0.008372 seconds 
Number of asset objects unloaded after import = 1
========================================================================
Received Import Request.
  Time since last request: 0.245070 seconds.
  path: Assets/Pixel Adventure 1/Assets/Terrain/Terrain (16x16)_1.asset
  artifactKey: Guid(31caa53ca09e9d149b6e750411e11289) Importer(815301076,1909f56bfc062723c751e8b465ee728b)
Number of updated assets reloaded before import = 0
Start importing Assets/Pixel Adventure 1/Assets/Terrain/Terrain (16x16)_1.asset using Guid(31caa53ca09e9d149b6e750411e11289) Importer(815301076,1909f56bfc062723c751e8b465ee728b)  -> (artifact id: 'c67f11c370b08b5a221d17088c3f832d') in 0.003552 seconds 
Number of asset objects unloaded after import = 1
========================================================================
Received Import Request.
  Time since last request: 0.000012 seconds.
  path: Assets/Pixel Adventure 1/Assets/Terrain/Terrain (16x16)_8.asset
  artifactKey: Guid(7f56a66a24624f44784b62a3a6f2e4aa) Importer(815301076,1909f56bfc062723c751e8b465ee728b)
Number of updated assets reloaded before import = 0
Start importing Assets/Pixel Adventure 1/Assets/Terrain/Terrain (16x16)_8.asset using Guid(7f56a66a24624f44784b62a3a6f2e4aa) Importer(815301076,1909f56bfc062723c751e8b465ee728b)  -> (artifact id: 'a25839dc3c78c00054fc07888ff872fa') in 0.007928 seconds 
Number of asset objects unloaded after import = 1
========================================================================
Received Import Request.
  Time since last request: 0.000013 seconds.
  path: Assets/Pixel Adventure 1/Assets/Terrain/Terrain (16x16)_10.asset
  artifactKey: Guid(544dd66224affa84cbca712a3a97fe55) Importer(815301076,1909f56bfc062723c751e8b465ee728b)
Number of updated assets reloaded before import = 0
Start importing Assets/Pixel Adventure 1/Assets/Terrain/Terrain (16x16)_10.asset using Guid(544dd66224affa84cbca712a3a97fe55) Importer(815301076,1909f56bfc062723c751e8b465ee728b)  -> (artifact id: '645d30fb0e7cd1170eefeb1533438297') in 0.007612 seconds 
Number of asset objects unloaded after import = 1
========================================================================
Received Import Request.
  Time since last request: 0.000027 seconds.
  path: Assets/Pixel Adventure 1/Assets/Terrain/Terrain (16x16)_16.asset
  artifactKey: Guid(fa14783a23686564aa2ffedff75374c5) Importer(815301076,1909f56bfc062723c751e8b465ee728b)
Number of updated assets reloaded before import = 0
Start importing Assets/Pixel Adventure 1/Assets/Terrain/Terrain (16x16)_16.asset using Guid(fa14783a23686564aa2ffedff75374c5) Importer(815301076,1909f56bfc062723c751e8b465ee728b)  -> (artifact id: '1a73bf6b21dcbea07cbcc5c47709a952') in 0.007102 seconds 
Number of asset objects unloaded after import = 1
========================================================================
Received Import Request.
  Time since last request: 0.000019 seconds.
  path: Assets/Pixel Adventure 1/Assets/Terrain/Terrain (16x16)_11.asset
  artifactKey: Guid(3f3a568ca42d98c438a45a2ea68292e0) Importer(815301076,1909f56bfc062723c751e8b465ee728b)
Number of updated assets reloaded before import = 0
Start importing Assets/Pixel Adventure 1/Assets/Terrain/Terrain (16x16)_11.asset using Guid(3f3a568ca42d98c438a45a2ea68292e0) Importer(815301076,1909f56bfc062723c751e8b465ee728b)  -> (artifact id: '9aa5f07c435cc3d1930b3f787925db33') in 0.002797 seconds 
Number of asset objects unloaded after import = 1
========================================================================
Received Import Request.
  Time since last request: 0.000011 seconds.
  path: Assets/Pixel Adventure 1/Assets/Terrain/Terrain (16x16)_4.asset
  artifactKey: Guid(0af83772d7f003f4c8967a95a6aad507) Importer(815301076,1909f56bfc062723c751e8b465ee728b)
Number of updated assets reloaded before import = 0
Start importing Assets/Pixel Adventure 1/Assets/Terrain/Terrain (16x16)_4.asset using Guid(0af83772d7f003f4c8967a95a6aad507) Importer(815301076,1909f56bfc062723c751e8b465ee728b)  -> (artifact id: '35ba500f7ea5d9f31fb69e8ff02bf2ef') in 0.002328 seconds 
Number of asset objects unloaded after import = 1
========================================================================
Received Import Request.
  Time since last request: 0.000013 seconds.
  path: Assets/Pixel Adventure 1/Assets/Terrain/Terrain (16x16)_15.asset
  artifactKey: Guid(8425e2f5e04c82d49b0883cc39769b11) Importer(815301076,1909f56bfc062723c751e8b465ee728b)
Number of updated assets reloaded before import = 0
Start importing Assets/Pixel Adventure 1/Assets/Terrain/Terrain (16x16)_15.asset using Guid(8425e2f5e04c82d49b0883cc39769b11) Importer(815301076,1909f56bfc062723c751e8b465ee728b)  -> (artifact id: '788b0d6898f1e588b564b90bc5524bd3') in 0.002417 seconds 
Number of asset objects unloaded after import = 1
========================================================================
Received Import Request.
  Time since last request: 0.000012 seconds.
  path: Assets/Pixel Adventure 1/Assets/Terrain/Terrain (16x16)_7.asset
  artifactKey: Guid(84a480a1e0c248a4daaf440074606924) Importer(815301076,1909f56bfc062723c751e8b465ee728b)
Number of updated assets reloaded before import = 0
Start importing Assets/Pixel Adventure 1/Assets/Terrain/Terrain (16x16)_7.asset using Guid(84a480a1e0c248a4daaf440074606924) Importer(815301076,1909f56bfc062723c751e8b465ee728b)  -> (artifact id: 'b4c7882dc4135e5d198850e4d3da0ab5') in 0.008262 seconds 
Number of asset objects unloaded after import = 1
========================================================================
Received Import Request.
  Time since last request: 0.000013 seconds.
  path: Assets/Pixel Adventure 1/Assets/Terrain/Terrain (16x16)_19.asset
  artifactKey: Guid(73ff267c5c55bab4594aea99a9d0a091) Importer(815301076,1909f56bfc062723c751e8b465ee728b)
Number of updated assets reloaded before import = 0
Start importing Assets/Pixel Adventure 1/Assets/Terrain/Terrain (16x16)_19.asset using Guid(73ff267c5c55bab4594aea99a9d0a091) Importer(815301076,1909f56bfc062723c751e8b465ee728b)  -> (artifact id: '00673d3fe6e98aef3cef06f73add98af') in 0.007507 seconds 
Number of asset objects unloaded after import = 1
========================================================================
Received Import Request.
  Time since last request: 0.000014 seconds.
  path: Assets/Pixel Adventure 1/Assets/Terrain/Terrain (16x16)_20.asset
  artifactKey: Guid(5f0dcfd446c480c4c87b9b4591a9eeab) Importer(815301076,1909f56bfc062723c751e8b465ee728b)
Number of updated assets reloaded before import = 0
Start importing Assets/Pixel Adventure 1/Assets/Terrain/Terrain (16x16)_20.asset using Guid(5f0dcfd446c480c4c87b9b4591a9eeab) Importer(815301076,1909f56bfc062723c751e8b465ee728b)  -> (artifact id: 'c96361354ef49891a211c125ddb4425e') in 0.007667 seconds 
Number of asset objects unloaded after import = 1
========================================================================
Received Import Request.
  Time since last request: 0.000015 seconds.
  path: Assets/Pixel Adventure 1/Assets/Terrain/Terrain (16x16)_3.asset
  artifactKey: Guid(6588c84b320d30d429810e0851fab22b) Importer(815301076,1909f56bfc062723c751e8b465ee728b)
Number of updated assets reloaded before import = 0
Start importing Assets/Pixel Adventure 1/Assets/Terrain/Terrain (16x16)_3.asset using Guid(6588c84b320d30d429810e0851fab22b) Importer(815301076,1909f56bfc062723c751e8b465ee728b)  -> (artifact id: '6b6bf6bac545e9202c73336b661647eb') in 0.002581 seconds 
Number of asset objects unloaded after import = 1
========================================================================
Received Import Request.
  Time since last request: 0.000011 seconds.
  path: Assets/Pixel Adventure 1/Assets/Terrain/Terrain (16x16)_21.asset
  artifactKey: Guid(9eb5f7adc3a828c418a1b0acdab3dac9) Importer(815301076,1909f56bfc062723c751e8b465ee728b)
Number of updated assets reloaded before import = 0
Start importing Assets/Pixel Adventure 1/Assets/Terrain/Terrain (16x16)_21.asset using Guid(9eb5f7adc3a828c418a1b0acdab3dac9) Importer(815301076,1909f56bfc062723c751e8b465ee728b)  -> (artifact id: 'b4d739e1f52f648b8d73b1634a89928f') in 0.002406 seconds 
Number of asset objects unloaded after import = 1
========================================================================
Received Import Request.
  Time since last request: 0.000013 seconds.
  path: Assets/Pixel Adventure 1/Assets/Terrain/Terrain (16x16)_24.asset
  artifactKey: Guid(3dfff62ac133eeb4fb9368bc62706452) Importer(815301076,1909f56bfc062723c751e8b465ee728b)
Number of updated assets reloaded before import = 0
Start importing Assets/Pixel Adventure 1/Assets/Terrain/Terrain (16x16)_24.asset using Guid(3dfff62ac133eeb4fb9368bc62706452) Importer(815301076,1909f56bfc062723c751e8b465ee728b)  -> (artifact id: 'f5a0a92111b77bc46a1e3187dcf07b0a') in 0.002194 seconds 
Number of asset objects unloaded after import = 1
========================================================================
Received Import Request.
  Time since last request: 0.000015 seconds.
  path: Assets/Pixel Adventure 1/Assets/Terrain/Terrain (16x16)_22.asset
  artifactKey: Guid(8d3a42c3797ec5148b561c6e7574e985) Importer(815301076,1909f56bfc062723c751e8b465ee728b)
Number of updated assets reloaded before import = 0
Start importing Assets/Pixel Adventure 1/Assets/Terrain/Terrain (16x16)_22.asset using Guid(8d3a42c3797ec5148b561c6e7574e985) Importer(815301076,1909f56bfc062723c751e8b465ee728b)  -> (artifact id: '37c08083dda420b760e5913a7f806bdc') in 0.002787 seconds 
Number of asset objects unloaded after import = 1
========================================================================
Received Import Request.
  Time since last request: 0.000024 seconds.
  path: Assets/Pixel Adventure 1/Assets/Terrain/Terrain (16x16)_29.asset
  artifactKey: Guid(f429beb0c3ba42f45beebd2c0d962347) Importer(815301076,1909f56bfc062723c751e8b465ee728b)
Number of updated assets reloaded before import = 0
Start importing Assets/Pixel Adventure 1/Assets/Terrain/Terrain (16x16)_29.asset using Guid(f429beb0c3ba42f45beebd2c0d962347) Importer(815301076,1909f56bfc062723c751e8b465ee728b)  -> (artifact id: '67a1a28bcde49bdddc735c470b6bf02d') in 0.008945 seconds 
Number of asset objects unloaded after import = 1
========================================================================
Received Import Request.
  Time since last request: 0.000013 seconds.
  path: Assets/Pixel Adventure 1/Assets/Terrain/Terrain (16x16)_14.asset
  artifactKey: Guid(79a118320053b324b92bffaa16652e78) Importer(815301076,1909f56bfc062723c751e8b465ee728b)
Number of updated assets reloaded before import = 0
Start importing Assets/Pixel Adventure 1/Assets/Terrain/Terrain (16x16)_14.asset using Guid(79a118320053b324b92bffaa16652e78) Importer(815301076,1909f56bfc062723c751e8b465ee728b)  -> (artifact id: '3fdb8c9e37cdc929705e9cc6009db9ca') in 0.002566 seconds 
Number of asset objects unloaded after import = 1
Editor requested this worker to shutdown with reason: Scaling down because of idle timeout
AssetImportWorker is now disconnected from the server
Process exiting
Exiting without the bug reporter. Application will terminate with return code 0